Error[122]   C:\USERS\IAN\DOCUMENTS\ASM\SCOPE\EPESCOPE\GSCOPE.ASM 19 : Illegal opcode (.EQU)
Warning[203] C:\USERS\IAN\DOCUMENTS\ASM\SCOPE\EPESCOPE\GSCOPE.ASM 20 : Found opcode in column 1. (OPTION)
Warning[211] C:\USERS\IAN\DOCUMENTS\ASM\SCOPE\EPESCOPE\GSCOPE.ASM 20 : Extraneous arguments on the line.
Warning[224] C:\USERS\IAN\DOCUMENTS\ASM\SCOPE\EPESCOPE\GSCOPE.ASM 20 : Use of this instruction is not recommended.
Error[122]   C:\USERS\IAN\DOCUMENTS\ASM\SCOPE\EPESCOPE\GSCOPE.ASM 21 : Illegal opcode (.EQU)
Error[122]   C:\USERS\IAN\DOCUMENTS\ASM\SCOPE\EPESCOPE\GSCOPE.ASM 22 : Illegal opcode (.EQU)
Error[122]   C:\USERS\IAN\DOCUMENTS\ASM\SCOPE\EPESCOPE\GSCOPE.ASM 23 : Illegal opcode (.EQU)
Error[122]   C:\USERS\IAN\DOCUMENTS\ASM\SCOPE\EPESCOPE\GSCOPE.ASM 25 : Illegal opcode (.EQU)
Error[122]   C:\USERS\IAN\DOCUMENTS\ASM\SCOPE\EPESCOPE\GSCOPE.ASM 26 : Illegal opcode (.EQU)
Error[122]   C:\USERS\IAN\DOCUMENTS\ASM\SCOPE\EPESCOPE\GSCOPE.ASM 27 : Illegal opcode (.EQU)
Error[122]   C:\USERS\IAN\DOCUMENTS\ASM\SCOPE\EPESCOPE\GSCOPE.ASM 28 : Illegal opcode (.EQU)
Error[122]   C:\USERS\IAN\DOCUMENTS\ASM\SCOPE\EPESCOPE\GSCOPE.ASM 29 : Illegal opcode (.EQU)
Error[122]   C:\USERS\IAN\DOCUMENTS\ASM\SCOPE\EPESCOPE\GSCOPE.ASM 30 : Illegal opcode (.EQU)
Error[122]   C:\USERS\IAN\DOCUMENTS\ASM\SCOPE\EPESCOPE\GSCOPE.ASM 31 : Illegal opcode (.EQU)
Error[122]   C:\USERS\IAN\DOCUMENTS\ASM\SCOPE\EPESCOPE\GSCOPE.ASM 32 : Illegal opcode (.EQU)
Error[122]   C:\USERS\IAN\DOCUMENTS\ASM\SCOPE\EPESCOPE\GSCOPE.ASM 33 : Illegal opcode (.EQU)
Error[122]   C:\USERS\IAN\DOCUMENTS\ASM\SCOPE\EPESCOPE\GSCOPE.ASM 34 : Illegal opcode (.EQU)
Error[122]   C:\USERS\IAN\DOCUMENTS\ASM\SCOPE\EPESCOPE\GSCOPE.ASM 35 : Illegal opcode (.EQU)
Error[122]   C:\USERS\IAN\DOCUMENTS\ASM\SCOPE\EPESCOPE\GSCOPE.ASM 36 : Illegal opcode (.EQU)
Error[122]   C:\USERS\IAN\DOCUMENTS\ASM\SCOPE\EPESCOPE\GSCOPE.ASM 37 : Illegal opcode (.EQU)
Error[122]   C:\USERS\IAN\DOCUMENTS\ASM\SCOPE\EPESCOPE\GSCOPE.ASM 38 : Illegal opcode (.EQU)
Error[122]   C:\USERS\IAN\DOCUMENTS\ASM\SCOPE\EPESCOPE\GSCOPE.ASM 39 : Illegal opcode (.EQU)
Error[122]   C:\USERS\IAN\DOCUMENTS\ASM\SCOPE\EPESCOPE\GSCOPE.ASM 43 : Illegal opcode (.EQU)
Error[122]   C:\USERS\IAN\DOCUMENTS\ASM\SCOPE\EPESCOPE\GSCOPE.ASM 45 : Illegal opcode (.EQU)
Error[122]   C:\USERS\IAN\DOCUMENTS\ASM\SCOPE\EPESCOPE\GSCOPE.ASM 46 : Illegal opcode (.EQU)
Error[122]   C:\USERS\IAN\DOCUMENTS\ASM\SCOPE\EPESCOPE\GSCOPE.ASM 47 : Illegal opcode (.EQU)
Error[122]   C:\USERS\IAN\DOCUMENTS\ASM\SCOPE\EPESCOPE\GSCOPE.ASM 48 : Illegal opcode (.EQU)
Error[122]   C:\USERS\IAN\DOCUMENTS\ASM\SCOPE\EPESCOPE\GSCOPE.ASM 49 : Illegal opcode (.EQU)
Error[122]   C:\USERS\IAN\DOCUMENTS\ASM\SCOPE\EPESCOPE\GSCOPE.ASM 50 : Illegal opcode (.EQU)
Error[122]   C:\USERS\IAN\DOCUMENTS\ASM\SCOPE\EPESCOPE\GSCOPE.ASM 51 : Illegal opcode (.EQU)
Error[122]   C:\USERS\IAN\DOCUMENTS\ASM\SCOPE\EPESCOPE\GSCOPE.ASM 52 : Illegal opcode (.EQU)
Error[122]   C:\USERS\IAN\DOCUMENTS\ASM\SCOPE\EPESCOPE\GSCOPE.ASM 53 : Illegal opcode (.EQU)
Error[122]   C:\USERS\IAN\DOCUMENTS\ASM\SCOPE\EPESCOPE\GSCOPE.ASM 54 : Illegal opcode (.EQU)
Error[122]   C:\USERS\IAN\DOCUMENTS\ASM\SCOPE\EPESCOPE\GSCOPE.ASM 55 : Illegal opcode (.EQU)
Error[122]   C:\USERS\IAN\DOCUMENTS\ASM\SCOPE\EPESCOPE\GSCOPE.ASM 56 : Illegal opcode (.EQU)
Error[122]   C:\USERS\IAN\DOCUMENTS\ASM\SCOPE\EPESCOPE\GSCOPE.ASM 57 : Illegal opcode (.EQU)
Error[122]   C:\USERS\IAN\DOCUMENTS\ASM\SCOPE\EPESCOPE\GSCOPE.ASM 58 : Illegal opcode (.EQU)
Error[122]   C:\USERS\IAN\DOCUMENTS\ASM\SCOPE\EPESCOPE\GSCOPE.ASM 59 : Illegal opcode (.EQU)
Error[122]   C:\USERS\IAN\DOCUMENTS\ASM\SCOPE\EPESCOPE\GSCOPE.ASM 60 : Illegal opcode (.EQU)
Error[122]   C:\USERS\IAN\DOCUMENTS\ASM\SCOPE\EPESCOPE\GSCOPE.ASM 64 : Illegal opcode (.EQU)
Error[122]   C:\USERS\IAN\DOCUMENTS\ASM\SCOPE\EPESCOPE\GSCOPE.ASM 65 : Illegal opcode (.EQU)
Error[122]   C:\USERS\IAN\DOCUMENTS\ASM\SCOPE\EPESCOPE\GSCOPE.ASM 66 : Illegal opcode (.EQU)
Error[122]   C:\USERS\IAN\DOCUMENTS\ASM\SCOPE\EPESCOPE\GSCOPE.ASM 67 : Illegal opcode (.EQU)
Error[122]   C:\USERS\IAN\DOCUMENTS\ASM\SCOPE\EPESCOPE\GSCOPE.ASM 68 : Illegal opcode (.EQU)
Error[122]   C:\USERS\IAN\DOCUMENTS\ASM\SCOPE\EPESCOPE\GSCOPE.ASM 69 : Illegal opcode (.EQU)
Error[122]   C:\USERS\IAN\DOCUMENTS\ASM\SCOPE\EPESCOPE\GSCOPE.ASM 70 : Illegal opcode (.EQU)
Error[122]   C:\USERS\IAN\DOCUMENTS\ASM\SCOPE\EPESCOPE\GSCOPE.ASM 71 : Illegal opcode (.EQU)
Error[122]   C:\USERS\IAN\DOCUMENTS\ASM\SCOPE\EPESCOPE\GSCOPE.ASM 72 : Illegal opcode (.EQU)
Error[122]   C:\USERS\IAN\DOCUMENTS\ASM\SCOPE\EPESCOPE\GSCOPE.ASM 73 : Illegal opcode (.EQU)
Error[122]   C:\USERS\IAN\DOCUMENTS\ASM\SCOPE\EPESCOPE\GSCOPE.ASM 74 : Illegal opcode (.EQU)
Error[122]   C:\USERS\IAN\DOCUMENTS\ASM\SCOPE\EPESCOPE\GSCOPE.ASM 75 : Illegal opcode (.EQU)
Error[122]   C:\USERS\IAN\DOCUMENTS\ASM\SCOPE\EPESCOPE\GSCOPE.ASM 76 : Illegal opcode (.EQU)
Error[122]   C:\USERS\IAN\DOCUMENTS\ASM\SCOPE\EPESCOPE\GSCOPE.ASM 77 : Illegal opcode (.EQU)
Error[122]   C:\USERS\IAN\DOCUMENTS\ASM\SCOPE\EPESCOPE\GSCOPE.ASM 78 : Illegal opcode (.EQU)
Error[122]   C:\USERS\IAN\DOCUMENTS\ASM\SCOPE\EPESCOPE\GSCOPE.ASM 79 : Illegal opcode (.EQU)
Error[122]   C:\USERS\IAN\DOCUMENTS\ASM\SCOPE\EPESCOPE\GSCOPE.ASM 83 : Illegal opcode (.EQU)
Error[122]   C:\USERS\IAN\DOCUMENTS\ASM\SCOPE\EPESCOPE\GSCOPE.ASM 88 : Illegal opcode (.EQU)
Error[122]   C:\USERS\IAN\DOCUMENTS\ASM\SCOPE\EPESCOPE\GSCOPE.ASM 93 : Illegal opcode (.EQU)
Error[122]   C:\USERS\IAN\DOCUMENTS\ASM\SCOPE\EPESCOPE\GSCOPE.ASM 94 : Illegal opcode (.EQU)
Error[122]   C:\USERS\IAN\DOCUMENTS\ASM\SCOPE\EPESCOPE\GSCOPE.ASM 95 : Illegal opcode (.EQU)
Error[122]   C:\USERS\IAN\DOCUMENTS\ASM\SCOPE\EPESCOPE\GSCOPE.ASM 96 : Illegal opcode (.EQU)
Error[122]   C:\USERS\IAN\DOCUMENTS\ASM\SCOPE\EPESCOPE\GSCOPE.ASM 97 : Illegal opcode (.EQU)
Error[122]   C:\USERS\IAN\DOCUMENTS\ASM\SCOPE\EPESCOPE\GSCOPE.ASM 98 : Illegal opcode (.EQU)
Error[122]   C:\USERS\IAN\DOCUMENTS\ASM\SCOPE\EPESCOPE\GSCOPE.ASM 99 : Illegal opcode (.EQU)
Error[122]   C:\USERS\IAN\DOCUMENTS\ASM\SCOPE\EPESCOPE\GSCOPE.ASM 100 : Illegal opcode (.EQU)
Error[122]   C:\USERS\IAN\DOCUMENTS\ASM\SCOPE\EPESCOPE\GSCOPE.ASM 101 : Illegal opcode (.EQU)
Error[122]   C:\USERS\IAN\DOCUMENTS\ASM\SCOPE\EPESCOPE\GSCOPE.ASM 102 : Illegal opcode (.EQU)
Error[122]   C:\USERS\IAN\DOCUMENTS\ASM\SCOPE\EPESCOPE\GSCOPE.ASM 103 : Illegal opcode (.EQU)
Error[122]   C:\USERS\IAN\DOCUMENTS\ASM\SCOPE\EPESCOPE\GSCOPE.ASM 104 : Illegal opcode (.EQU)
Error[122]   C:\USERS\IAN\DOCUMENTS\ASM\SCOPE\EPESCOPE\GSCOPE.ASM 105 : Illegal opcode (.EQU)
Error[122]   C:\USERS\IAN\DOCUMENTS\ASM\SCOPE\EPESCOPE\GSCOPE.ASM 109 : Illegal opcode (.EQU)
Error[122]   C:\USERS\IAN\DOCUMENTS\ASM\SCOPE\EPESCOPE\GSCOPE.ASM 110 : Illegal opcode (.EQU)
Error[122]   C:\USERS\IAN\DOCUMENTS\ASM\SCOPE\EPESCOPE\GSCOPE.ASM 111 : Illegal opcode (.EQU)
Error[122]   C:\USERS\IAN\DOCUMENTS\ASM\SCOPE\EPESCOPE\GSCOPE.ASM 112 : Illegal opcode (.EQU)
Error[122]   C:\USERS\IAN\DOCUMENTS\ASM\SCOPE\EPESCOPE\GSCOPE.ASM 113 : Illegal opcode (.EQU)
Error[122]   C:\USERS\IAN\DOCUMENTS\ASM\SCOPE\EPESCOPE\GSCOPE.ASM 114 : Illegal opcode (.EQU)
Error[122]   C:\USERS\IAN\DOCUMENTS\ASM\SCOPE\EPESCOPE\GSCOPE.ASM 115 : Illegal opcode (.EQU)
Error[122]   C:\USERS\IAN\DOCUMENTS\ASM\SCOPE\EPESCOPE\GSCOPE.ASM 116 : Illegal opcode (.EQU)
Error[122]   C:\USERS\IAN\DOCUMENTS\ASM\SCOPE\EPESCOPE\GSCOPE.ASM 117 : Illegal opcode (.EQU)
Error[122]   C:\USERS\IAN\DOCUMENTS\ASM\SCOPE\EPESCOPE\GSCOPE.ASM 118 : Illegal opcode (.EQU)
Error[122]   C:\USERS\IAN\DOCUMENTS\ASM\SCOPE\EPESCOPE\GSCOPE.ASM 122 : Illegal opcode (.EQU)
Error[122]   C:\USERS\IAN\DOCUMENTS\ASM\SCOPE\EPESCOPE\GSCOPE.ASM 123 : Illegal opcode (.EQU)
Error[122]   C:\USERS\IAN\DOCUMENTS\ASM\SCOPE\EPESCOPE\GSCOPE.ASM 124 : Illegal opcode (.EQU)
Error[122]   C:\USERS\IAN\DOCUMENTS\ASM\SCOPE\EPESCOPE\GSCOPE.ASM 125 : Illegal opcode (.EQU)
Error[122]   C:\USERS\IAN\DOCUMENTS\ASM\SCOPE\EPESCOPE\GSCOPE.ASM 126 : Illegal opcode (.EQU)
Error[122]   C:\USERS\IAN\DOCUMENTS\ASM\SCOPE\EPESCOPE\GSCOPE.ASM 127 : Illegal opcode (.EQU)
Error[122]   C:\USERS\IAN\DOCUMENTS\ASM\SCOPE\EPESCOPE\GSCOPE.ASM 128 : Illegal opcode (.EQU)
Error[122]   C:\USERS\IAN\DOCUMENTS\ASM\SCOPE\EPESCOPE\GSCOPE.ASM 130 : Illegal opcode (.EQU)
Error[122]   C:\USERS\IAN\DOCUMENTS\ASM\SCOPE\EPESCOPE\GSCOPE.ASM 131 : Illegal opcode (.EQU)
Error[122]   C:\USERS\IAN\DOCUMENTS\ASM\SCOPE\EPESCOPE\GSCOPE.ASM 132 : Illegal opcode (.EQU)
Warning[207] C:\USERS\IAN\DOCUMENTS\ASM\SCOPE\EPESCOPE\GSCOPE.ASM 142 : Found label after column 1. (.ORG)
Error[108]   C:\USERS\IAN\DOCUMENTS\ASM\SCOPE\EPESCOPE\GSCOPE.ASM 142 : Illegal character ($)
Warning[207] C:\USERS\IAN\DOCUMENTS\ASM\SCOPE\EPESCOPE\GSCOPE.ASM 144 : Found label after column 1. (.ORG)
Error[108]   C:\USERS\IAN\DOCUMENTS\ASM\SCOPE\EPESCOPE\GSCOPE.ASM 144 : Illegal character ($)
Error[113]   C:\USERS\IAN\DOCUMENTS\ASM\SCOPE\EPESCOPE\GSCOPE.ASM 151 : Symbol not previously defined (FOSC)
Error[112]   C:\USERS\IAN\DOCUMENTS\ASM\SCOPE\EPESCOPE\GSCOPE.ASM 193 : Missing operator
Error[128]   C:\USERS\IAN\DOCUMENTS\ASM\SCOPE\EPESCOPE\GSCOPE.ASM 196 : Missing argument(s)
Error[112]   C:\USERS\IAN\DOCUMENTS\ASM\SCOPE\EPESCOPE\GSCOPE.ASM 200 : Missing operator
Warning[202] C:\USERS\IAN\DOCUMENTS\ASM\SCOPE\EPESCOPE\GSCOPE.ASM 201 : Argument out of range.  Least significant bits used.
Message[302] C:\USERS\IAN\DOCUMENTS\ASM\SCOPE\EPESCOPE\GSCOPE.ASM 202 : Register in operand not in bank 0.  Ensure that bank bits are correct.
Message[302] C:\USERS\IAN\DOCUMENTS\ASM\SCOPE\EPESCOPE\GSCOPE.ASM 203 : Register in operand not in bank 0.  Ensure that bank bits are correct.
Error[113]   C:\USERS\IAN\DOCUMENTS\ASM\SCOPE\EPESCOPE\GSCOPE.ASM 204 : Symbol not previously defined (FS)
Message[302] C:\USERS\IAN\DOCUMENTS\ASM\SCOPE\EPESCOPE\GSCOPE.ASM 205 : Register in operand not in bank 0.  Ensure that bank bits are correct.
Message[302] C:\USERS\IAN\DOCUMENTS\ASM\SCOPE\EPESCOPE\GSCOPE.ASM 206 : Register in operand not in bank 0.  Ensure that bank bits are correct.
Message[302] C:\USERS\IAN\DOCUMENTS\ASM\SCOPE\EPESCOPE\GSCOPE.ASM 207 : Register in operand not in bank 0.  Ensure that bank bits are correct.
Error[128]   C:\USERS\IAN\DOCUMENTS\ASM\SCOPE\EPESCOPE\GSCOPE.ASM 208 : Missing argument(s)
Error[113]   C:\USERS\IAN\DOCUMENTS\ASM\SCOPE\EPESCOPE\GSCOPE.ASM 209 : Symbol not previously defined (OPTION)
Error[128]   C:\USERS\IAN\DOCUMENTS\ASM\SCOPE\EPESCOPE\GSCOPE.ASM 210 : Missing argument(s)
Message[302] C:\USERS\IAN\DOCUMENTS\ASM\SCOPE\EPESCOPE\GSCOPE.ASM 211 : Register in operand not in bank 0.  Ensure that bank bits are correct.
Error[112]   C:\USERS\IAN\DOCUMENTS\ASM\SCOPE\EPESCOPE\GSCOPE.ASM 212 : Missing operator
Error[128]   C:\USERS\IAN\DOCUMENTS\ASM\SCOPE\EPESCOPE\GSCOPE.ASM 213 : Missing argument(s)
Error[128]   C:\USERS\IAN\DOCUMENTS\ASM\SCOPE\EPESCOPE\GSCOPE.ASM 216 : Missing argument(s)
Error[113]   C:\USERS\IAN\DOCUMENTS\ASM\SCOPE\EPESCOPE\GSCOPE.ASM 222 : Symbol not previously defined (COLUMN)
Error[128]   C:\USERS\IAN\DOCUMENTS\ASM\SCOPE\EPESCOPE\GSCOPE.ASM 225 : Missing argument(s)
Error[113]   C:\USERS\IAN\DOCUMENTS\ASM\SCOPE\EPESCOPE\GSCOPE.ASM 228 : Symbol not previously defined (ADRMSB)
Error[113]   C:\USERS\IAN\DOCUMENTS\ASM\SCOPE\EPESCOPE\GSCOPE.ASM 232 : Symbol not previously defined (LOOPC)
Error[113]   C:\USERS\IAN\DOCUMENTS\ASM\SCOPE\EPESCOPE\GSCOPE.ASM 233 : Symbol not previously defined (LOOPB)
Error[113]   C:\USERS\IAN\DOCUMENTS\ASM\SCOPE\EPESCOPE\GSCOPE.ASM 236 : Symbol not previously defined (ADRMSB)
Error[113]   C:\USERS\IAN\DOCUMENTS\ASM\SCOPE\EPESCOPE\GSCOPE.ASM 240 : Symbol not previously defined (LOOPC)
Error[128]   C:\USERS\IAN\DOCUMENTS\ASM\SCOPE\EPESCOPE\GSCOPE.ASM 244 : Missing argument(s)
Error[113]   C:\USERS\IAN\DOCUMENTS\ASM\SCOPE\EPESCOPE\GSCOPE.ASM 245 : Symbol not previously defined (SWITCH)
Error[113]   C:\USERS\IAN\DOCUMENTS\ASM\SCOPE\EPESCOPE\GSCOPE.ASM 252 : Symbol not previously defined (TIMOUT0)
Error[113]   C:\USERS\IAN\DOCUMENTS\ASM\SCOPE\EPESCOPE\GSCOPE.ASM 253 : Symbol not previously defined (TIMOUT1)
Error[113]   C:\USERS\IAN\DOCUMENTS\ASM\SCOPE\EPESCOPE\GSCOPE.ASM 262 : Symbol not previously defined (TIMOUT0)
Error[113]   C:\USERS\IAN\DOCUMENTS\ASM\SCOPE\EPESCOPE\GSCOPE.ASM 263 : Symbol not previously defined (TIMOUT1)
Warning[202] C:\USERS\IAN\DOCUMENTS\ASM\SCOPE\EPESCOPE\GSCOPE.ASM 266 : Argument out of range.  Least significant bits used.
Warning[202] C:\USERS\IAN\DOCUMENTS\ASM\SCOPE\EPESCOPE\GSCOPE.ASM 272 : Argument out of range.  Least significant bits used.
Error[113]   C:\USERS\IAN\DOCUMENTS\ASM\SCOPE\EPESCOPE\GSCOPE.ASM 275 : Symbol not previously defined (TIMOUT0)
Error[113]   C:\USERS\IAN\DOCUMENTS\ASM\SCOPE\EPESCOPE\GSCOPE.ASM 276 : Symbol not previously defined (TIMOUT1)
Error[113]   C:\USERS\IAN\DOCUMENTS\ASM\SCOPE\EPESCOPE\GSCOPE.ASM 287 : Symbol not previously defined (TIMOUT0)
Error[113]   C:\USERS\IAN\DOCUMENTS\ASM\SCOPE\EPESCOPE\GSCOPE.ASM 288 : Symbol not previously defined (TIMOUT1)
Warning[202] C:\USERS\IAN\DOCUMENTS\ASM\SCOPE\EPESCOPE\GSCOPE.ASM 291 : Argument out of range.  Least significant bits used.
Error[113]   C:\USERS\IAN\DOCUMENTS\ASM\SCOPE\EPESCOPE\GSCOPE.ASM 297 : Symbol not previously defined (ADC0)
Error[113]   C:\USERS\IAN\DOCUMENTS\ASM\SCOPE\EPESCOPE\GSCOPE.ASM 300 : Symbol not previously defined (LOOPE)
Error[113]   C:\USERS\IAN\DOCUMENTS\ASM\SCOPE\EPESCOPE\GSCOPE.ASM 309 : Symbol not previously defined (LOOPE)
Error[113]   C:\USERS\IAN\DOCUMENTS\ASM\SCOPE\EPESCOPE\GSCOPE.ASM 312 : Symbol not previously defined (ADC1)
Error[113]   C:\USERS\IAN\DOCUMENTS\ASM\SCOPE\EPESCOPE\GSCOPE.ASM 314 : Symbol not previously defined (LOOPE)
Error[113]   C:\USERS\IAN\DOCUMENTS\ASM\SCOPE\EPESCOPE\GSCOPE.ASM 323 : Symbol not previously defined (LOOPE)
Error[113]   C:\USERS\IAN\DOCUMENTS\ASM\SCOPE\EPESCOPE\GSCOPE.ASM 326 : Symbol not previously defined (LOOPA)
Error[113]   C:\USERS\IAN\DOCUMENTS\ASM\SCOPE\EPESCOPE\GSCOPE.ASM 327 : Symbol not previously defined (LOOPD)
Error[113]   C:\USERS\IAN\DOCUMENTS\ASM\SCOPE\EPESCOPE\GSCOPE.ASM 331 : Symbol not previously defined (ADC0)
Error[113]   C:\USERS\IAN\DOCUMENTS\ASM\SCOPE\EPESCOPE\GSCOPE.ASM 332 : Symbol not previously defined (ADCADR)
Error[113]   C:\USERS\IAN\DOCUMENTS\ASM\SCOPE\EPESCOPE\GSCOPE.ASM 336 : Symbol not previously defined (ADCTEMP)
Error[113]   C:\USERS\IAN\DOCUMENTS\ASM\SCOPE\EPESCOPE\GSCOPE.ASM 337 : Symbol not previously defined (ADCTEMP)
Error[128]   C:\USERS\IAN\DOCUMENTS\ASM\SCOPE\EPESCOPE\GSCOPE.ASM 338 : Missing argument(s)
Error[113]   C:\USERS\IAN\DOCUMENTS\ASM\SCOPE\EPESCOPE\GSCOPE.ASM 339 : Symbol not previously defined (PEAKLO)
Error[128]   C:\USERS\IAN\DOCUMENTS\ASM\SCOPE\EPESCOPE\GSCOPE.ASM 341 : Missing argument(s)
Error[113]   C:\USERS\IAN\DOCUMENTS\ASM\SCOPE\EPESCOPE\GSCOPE.ASM 342 : Symbol not previously defined (LOBIT)
Error[113]   C:\USERS\IAN\DOCUMENTS\ASM\SCOPE\EPESCOPE\GSCOPE.ASM 344 : Symbol not previously defined (LOOPD)
Error[113]   C:\USERS\IAN\DOCUMENTS\ASM\SCOPE\EPESCOPE\GSCOPE.ASM 345 : Symbol not previously defined (LOOPD)
Error[113]   C:\USERS\IAN\DOCUMENTS\ASM\SCOPE\EPESCOPE\GSCOPE.ASM 348 : Symbol not previously defined (ADC1)
Error[113]   C:\USERS\IAN\DOCUMENTS\ASM\SCOPE\EPESCOPE\GSCOPE.ASM 349 : Symbol not previously defined (ADCADR)
Error[128]   C:\USERS\IAN\DOCUMENTS\ASM\SCOPE\EPESCOPE\GSCOPE.ASM 350 : Missing argument(s)
Error[113]   C:\USERS\IAN\DOCUMENTS\ASM\SCOPE\EPESCOPE\GSCOPE.ASM 351 : Symbol not previously defined (LOBIT)
Error[113]   C:\USERS\IAN\DOCUMENTS\ASM\SCOPE\EPESCOPE\GSCOPE.ASM 353 : Symbol not previously defined (LOOPD)
Error[113]   C:\USERS\IAN\DOCUMENTS\ASM\SCOPE\EPESCOPE\GSCOPE.ASM 354 : Symbol not previously defined (LOOPD)
Error[113]   C:\USERS\IAN\DOCUMENTS\ASM\SCOPE\EPESCOPE\GSCOPE.ASM 357 : Symbol not previously defined (SWITCH)
Error[113]   C:\USERS\IAN\DOCUMENTS\ASM\SCOPE\EPESCOPE\GSCOPE.ASM 364 : Symbol not previously defined (LOOPA)
Error[113]   C:\USERS\IAN\DOCUMENTS\ASM\SCOPE\EPESCOPE\GSCOPE.ASM 365 : Symbol not previously defined (ADCADR)
Error[113]   C:\USERS\IAN\DOCUMENTS\ASM\SCOPE\EPESCOPE\GSCOPE.ASM 368 : Symbol not previously defined (ADCTEMP)
Error[113]   C:\USERS\IAN\DOCUMENTS\ASM\SCOPE\EPESCOPE\GSCOPE.ASM 369 : Symbol not previously defined (ADCTEMP)
Error[128]   C:\USERS\IAN\DOCUMENTS\ASM\SCOPE\EPESCOPE\GSCOPE.ASM 370 : Missing argument(s)
Error[113]   C:\USERS\IAN\DOCUMENTS\ASM\SCOPE\EPESCOPE\GSCOPE.ASM 371 : Symbol not previously defined (ADCTEMP)
Error[113]   C:\USERS\IAN\DOCUMENTS\ASM\SCOPE\EPESCOPE\GSCOPE.ASM 372 : Symbol not previously defined (PEAKHI)
Error[113]   C:\USERS\IAN\DOCUMENTS\ASM\SCOPE\EPESCOPE\GSCOPE.ASM 373 : Symbol not previously defined (PEAKLO)
Error[113]   C:\USERS\IAN\DOCUMENTS\ASM\SCOPE\EPESCOPE\GSCOPE.ASM 377 : Symbol not previously defined (PEAKLO)
Error[113]   C:\USERS\IAN\DOCUMENTS\ASM\SCOPE\EPESCOPE\GSCOPE.ASM 378 : Symbol not previously defined (PEAKHI)
Error[113]   C:\USERS\IAN\DOCUMENTS\ASM\SCOPE\EPESCOPE\GSCOPE.ASM 379 : Symbol not previously defined (ADCTEMP)
Error[113]   C:\USERS\IAN\DOCUMENTS\ASM\SCOPE\EPESCOPE\GSCOPE.ASM 380 : Symbol not previously defined (PEAKLO)
Error[113]   C:\USERS\IAN\DOCUMENTS\ASM\SCOPE\EPESCOPE\GSCOPE.ASM 383 : Symbol not previously defined (ADCTEMP)
Error[113]   C:\USERS\IAN\DOCUMENTS\ASM\SCOPE\EPESCOPE\GSCOPE.ASM 384 : Symbol not previously defined (PEAKLO)
Error[113]   C:\USERS\IAN\DOCUMENTS\ASM\SCOPE\EPESCOPE\GSCOPE.ASM 385 : Symbol not previously defined (LOOPA)
Error[113]   C:\USERS\IAN\DOCUMENTS\ASM\SCOPE\EPESCOPE\GSCOPE.ASM 386 : Symbol not previously defined (LOOPA)
Error[113]   C:\USERS\IAN\DOCUMENTS\ASM\SCOPE\EPESCOPE\GSCOPE.ASM 389 : Symbol not previously defined (LOBIT)
Error[112]   C:\USERS\IAN\DOCUMENTS\ASM\SCOPE\EPESCOPE\GSCOPE.ASM 397 : Missing operator
Error[113]   C:\USERS\IAN\DOCUMENTS\ASM\SCOPE\EPESCOPE\GSCOPE.ASM 398 : Symbol not previously defined (MEM0)
Error[113]   C:\USERS\IAN\DOCUMENTS\ASM\SCOPE\EPESCOPE\GSCOPE.ASM 399 : Symbol not previously defined (PEAKLO)
Error[113]   C:\USERS\IAN\DOCUMENTS\ASM\SCOPE\EPESCOPE\GSCOPE.ASM 401 : Symbol not previously defined (PEAKLO)
Error[113]   C:\USERS\IAN\DOCUMENTS\ASM\SCOPE\EPESCOPE\GSCOPE.ASM 402 : Symbol not previously defined (LOOPE)
Error[113]   C:\USERS\IAN\DOCUMENTS\ASM\SCOPE\EPESCOPE\GSCOPE.ASM 403 : Symbol not previously defined (LOBIT)
Error[113]   C:\USERS\IAN\DOCUMENTS\ASM\SCOPE\EPESCOPE\GSCOPE.ASM 406 : Symbol not previously defined (LOOPE)
Error[113]   C:\USERS\IAN\DOCUMENTS\ASM\SCOPE\EPESCOPE\GSCOPE.ASM 407 : Symbol not previously defined (PEAKHI)
Error[113]   C:\USERS\IAN\DOCUMENTS\ASM\SCOPE\EPESCOPE\GSCOPE.ASM 410 : Symbol not previously defined (LOBIT)
Error[113]   C:\USERS\IAN\DOCUMENTS\ASM\SCOPE\EPESCOPE\GSCOPE.ASM 412 : Symbol not previously defined (LOOPE)
Error[113]   C:\USERS\IAN\DOCUMENTS\ASM\SCOPE\EPESCOPE\GSCOPE.ASM 413 : Symbol not previously defined (LOOPE)
Error[112]   C:\USERS\IAN\DOCUMENTS\ASM\SCOPE\EPESCOPE\GSCOPE.ASM 417 : Missing operator
Error[113]   C:\USERS\IAN\DOCUMENTS\ASM\SCOPE\EPESCOPE\GSCOPE.ASM 422 : Symbol not previously defined (MEM0)
Error[113]   C:\USERS\IAN\DOCUMENTS\ASM\SCOPE\EPESCOPE\GSCOPE.ASM 426 : Symbol not previously defined (LOOPE)
Error[113]   C:\USERS\IAN\DOCUMENTS\ASM\SCOPE\EPESCOPE\GSCOPE.ASM 428 : Symbol not previously defined (ADRMSB)
Error[113]   C:\USERS\IAN\DOCUMENTS\ASM\SCOPE\EPESCOPE\GSCOPE.ASM 429 : Symbol not previously defined (LOOPD)
Error[113]   C:\USERS\IAN\DOCUMENTS\ASM\SCOPE\EPESCOPE\GSCOPE.ASM 430 : Symbol not previously defined (ADRLSB)
Error[113]   C:\USERS\IAN\DOCUMENTS\ASM\SCOPE\EPESCOPE\GSCOPE.ASM 433 : Symbol not previously defined (AWRON)
Error[112]   C:\USERS\IAN\DOCUMENTS\ASM\SCOPE\EPESCOPE\GSCOPE.ASM 436 : Missing operator
Error[108]   C:\USERS\IAN\DOCUMENTS\ASM\SCOPE\EPESCOPE\GSCOPE.ASM 438 : Illegal character (,)
Error[112]   C:\USERS\IAN\DOCUMENTS\ASM\SCOPE\EPESCOPE\GSCOPE.ASM 439 : Missing operator
Error[113]   C:\USERS\IAN\DOCUMENTS\ASM\SCOPE\EPESCOPE\GSCOPE.ASM 442 : Symbol not previously defined (AWROFF)
Error[113]   C:\USERS\IAN\DOCUMENTS\ASM\SCOPE\EPESCOPE\GSCOPE.ASM 445 : Symbol not previously defined (LOOPE)
Error[113]   C:\USERS\IAN\DOCUMENTS\ASM\SCOPE\EPESCOPE\GSCOPE.ASM 448 : Symbol not previously defined (COLUMN)
Error[113]   C:\USERS\IAN\DOCUMENTS\ASM\SCOPE\EPESCOPE\GSCOPE.ASM 449 : Symbol not previously defined (ADRLSB)
Error[113]   C:\USERS\IAN\DOCUMENTS\ASM\SCOPE\EPESCOPE\GSCOPE.ASM 451 : Symbol not previously defined (ADRMSB)
Error[113]   C:\USERS\IAN\DOCUMENTS\ASM\SCOPE\EPESCOPE\GSCOPE.ASM 462 : Symbol not previously defined (STORE)
Error[113]   C:\USERS\IAN\DOCUMENTS\ASM\SCOPE\EPESCOPE\GSCOPE.ASM 464 : Symbol not previously defined (STORE1)
Warning[202] C:\USERS\IAN\DOCUMENTS\ASM\SCOPE\EPESCOPE\GSCOPE.ASM 467 : Argument out of range.  Least significant bits used.
Error[113]   C:\USERS\IAN\DOCUMENTS\ASM\SCOPE\EPESCOPE\GSCOPE.ASM 468 : Symbol not previously defined (STORE)
Error[113]   C:\USERS\IAN\DOCUMENTS\ASM\SCOPE\EPESCOPE\GSCOPE.ASM 470 : Symbol not previously defined (STORE1)
Warning[202] C:\USERS\IAN\DOCUMENTS\ASM\SCOPE\EPESCOPE\GSCOPE.ASM 473 : Argument out of range.  Least significant bits used.
Error[113]   C:\USERS\IAN\DOCUMENTS\ASM\SCOPE\EPESCOPE\GSCOPE.ASM 474 : Symbol not previously defined (STORE)
Error[113]   C:\USERS\IAN\DOCUMENTS\ASM\SCOPE\EPESCOPE\GSCOPE.ASM 476 : Symbol not previously defined (STORE1)
Error[113]   C:\USERS\IAN\DOCUMENTS\ASM\SCOPE\EPESCOPE\GSCOPE.ASM 479 : Symbol not previously defined (FRQCNT1)
Error[113]   C:\USERS\IAN\DOCUMENTS\ASM\SCOPE\EPESCOPE\GSCOPE.ASM 480 : Symbol not previously defined (FRQCNT2)
Error[113]   C:\USERS\IAN\DOCUMENTS\ASM\SCOPE\EPESCOPE\GSCOPE.ASM 487 : Symbol not previously defined (STORE2)
Warning[202] C:\USERS\IAN\DOCUMENTS\ASM\SCOPE\EPESCOPE\GSCOPE.ASM 489 : Argument out of range.  Least significant bits used.
Error[113]   C:\USERS\IAN\DOCUMENTS\ASM\SCOPE\EPESCOPE\GSCOPE.ASM 490 : Symbol not previously defined (STORE2)
Error[113]   C:\USERS\IAN\DOCUMENTS\ASM\SCOPE\EPESCOPE\GSCOPE.ASM 493 : Symbol not previously defined (MARK2)
Error[113]   C:\USERS\IAN\DOCUMENTS\ASM\SCOPE\EPESCOPE\GSCOPE.ASM 496 : Symbol not previously defined (MARK2)
Warning[202] C:\USERS\IAN\DOCUMENTS\ASM\SCOPE\EPESCOPE\GSCOPE.ASM 498 : Argument out of range.  Least significant bits used.
Error[113]   C:\USERS\IAN\DOCUMENTS\ASM\SCOPE\EPESCOPE\GSCOPE.ASM 499 : Symbol not previously defined (STORE2)
Error[113]   C:\USERS\IAN\DOCUMENTS\ASM\SCOPE\EPESCOPE\GSCOPE.ASM 502 : Symbol not previously defined (MARK2)
Error[113]   C:\USERS\IAN\DOCUMENTS\ASM\SCOPE\EPESCOPE\GSCOPE.ASM 505 : Symbol not previously defined (MARK2)
Error[113]   C:\USERS\IAN\DOCUMENTS\ASM\SCOPE\EPESCOPE\GSCOPE.ASM 507 : Symbol not previously defined (MARK2)
Error[113]   C:\USERS\IAN\DOCUMENTS\ASM\SCOPE\EPESCOPE\GSCOPE.ASM 508 : Symbol not previously defined (MARK1)
Error[113]   C:\USERS\IAN\DOCUMENTS\ASM\SCOPE\EPESCOPE\GSCOPE.ASM 509 : Symbol not previously defined (FRQCNT1)
Error[113]   C:\USERS\IAN\DOCUMENTS\ASM\SCOPE\EPESCOPE\GSCOPE.ASM 512 : Symbol not previously defined (FRQCNT2)
Error[113]   C:\USERS\IAN\DOCUMENTS\ASM\SCOPE\EPESCOPE\GSCOPE.ASM 514 : Symbol not previously defined (MARK2)
Error[113]   C:\USERS\IAN\DOCUMENTS\ASM\SCOPE\EPESCOPE\GSCOPE.ASM 515 : Symbol not previously defined (MARK1)
Error[113]   C:\USERS\IAN\DOCUMENTS\ASM\SCOPE\EPESCOPE\GSCOPE.ASM 516 : Symbol not previously defined (STORE)
Error[113]   C:\USERS\IAN\DOCUMENTS\ASM\SCOPE\EPESCOPE\GSCOPE.ASM 518 : Symbol not previously defined (STORE1)
Error[113]   C:\USERS\IAN\DOCUMENTS\ASM\SCOPE\EPESCOPE\GSCOPE.ASM 521 : Symbol not previously defined (ADC0)
Warning[202] C:\USERS\IAN\DOCUMENTS\ASM\SCOPE\EPESCOPE\GSCOPE.ASM 523 : Argument out of range.  Least significant bits used.
Error[113]   C:\USERS\IAN\DOCUMENTS\ASM\SCOPE\EPESCOPE\GSCOPE.ASM 524 : Symbol not previously defined (MIN)
Error[113]   C:\USERS\IAN\DOCUMENTS\ASM\SCOPE\EPESCOPE\GSCOPE.ASM 525 : Symbol not previously defined (MAX)
Error[112]   C:\USERS\IAN\DOCUMENTS\ASM\SCOPE\EPESCOPE\GSCOPE.ASM 527 : Missing operator
Error[113]   C:\USERS\IAN\DOCUMENTS\ASM\SCOPE\EPESCOPE\GSCOPE.ASM 529 : Symbol not previously defined (ADC1)
Error[113]   C:\USERS\IAN\DOCUMENTS\ASM\SCOPE\EPESCOPE\GSCOPE.ASM 537 : Symbol not previously defined (LOOPE)
Error[113]   C:\USERS\IAN\DOCUMENTS\ASM\SCOPE\EPESCOPE\GSCOPE.ASM 540 : Symbol not previously defined (MIN)
Error[113]   C:\USERS\IAN\DOCUMENTS\ASM\SCOPE\EPESCOPE\GSCOPE.ASM 544 : Symbol not previously defined (MIN)
Error[113]   C:\USERS\IAN\DOCUMENTS\ASM\SCOPE\EPESCOPE\GSCOPE.ASM 545 : Symbol not previously defined (MAX)
Error[113]   C:\USERS\IAN\DOCUMENTS\ASM\SCOPE\EPESCOPE\GSCOPE.ASM 550 : Symbol not previously defined (MAX)
Error[113]   C:\USERS\IAN\DOCUMENTS\ASM\SCOPE\EPESCOPE\GSCOPE.ASM 552 : Symbol not previously defined (LOOPE)
Error[113]   C:\USERS\IAN\DOCUMENTS\ASM\SCOPE\EPESCOPE\GSCOPE.ASM 558 : Symbol not previously defined (MIN)
Error[113]   C:\USERS\IAN\DOCUMENTS\ASM\SCOPE\EPESCOPE\GSCOPE.ASM 559 : Symbol not previously defined (MAX)
Error[112]   C:\USERS\IAN\DOCUMENTS\ASM\SCOPE\EPESCOPE\GSCOPE.ASM 561 : Missing operator
Error[113]   C:\USERS\IAN\DOCUMENTS\ASM\SCOPE\EPESCOPE\GSCOPE.ASM 563 : Symbol not previously defined (COUNT0)
Error[113]   C:\USERS\IAN\DOCUMENTS\ASM\SCOPE\EPESCOPE\GSCOPE.ASM 564 : Symbol not previously defined (COUNT2)
Error[113]   C:\USERS\IAN\DOCUMENTS\ASM\SCOPE\EPESCOPE\GSCOPE.ASM 565 : Symbol not previously defined (COUNT1)
Error[113]   C:\USERS\IAN\DOCUMENTS\ASM\SCOPE\EPESCOPE\GSCOPE.ASM 567 : Symbol not previously defined (COUNT0)
Error[113]   C:\USERS\IAN\DOCUMENTS\ASM\SCOPE\EPESCOPE\GSCOPE.ASM 568 : Symbol not previously defined (COUNT1)
Error[112]   C:\USERS\IAN\DOCUMENTS\ASM\SCOPE\EPESCOPE\GSCOPE.ASM 571 : Missing operator
Error[113]   C:\USERS\IAN\DOCUMENTS\ASM\SCOPE\EPESCOPE\GSCOPE.ASM 574 : Symbol not previously defined (ADRMSB)
Error[113]   C:\USERS\IAN\DOCUMENTS\ASM\SCOPE\EPESCOPE\GSCOPE.ASM 578 : Symbol not previously defined (AWRON)
Error[113]   C:\USERS\IAN\DOCUMENTS\ASM\SCOPE\EPESCOPE\GSCOPE.ASM 581 : Symbol not previously defined (DIGIT3)
Error[108]   C:\USERS\IAN\DOCUMENTS\ASM\SCOPE\EPESCOPE\GSCOPE.ASM 581 : Illegal character (,)
Error[128]   C:\USERS\IAN\DOCUMENTS\ASM\SCOPE\EPESCOPE\GSCOPE.ASM 582 : Missing argument(s)
Error[112]   C:\USERS\IAN\DOCUMENTS\ASM\SCOPE\EPESCOPE\GSCOPE.ASM 585 : Missing operator
Error[112]   C:\USERS\IAN\DOCUMENTS\ASM\SCOPE\EPESCOPE\GSCOPE.ASM 587 : Missing operator
Warning[202] C:\USERS\IAN\DOCUMENTS\ASM\SCOPE\EPESCOPE\GSCOPE.ASM 591 : Argument out of range.  Least significant bits used.
Error[112]   C:\USERS\IAN\DOCUMENTS\ASM\SCOPE\EPESCOPE\GSCOPE.ASM 594 : Missing operator
Error[112]   C:\USERS\IAN\DOCUMENTS\ASM\SCOPE\EPESCOPE\GSCOPE.ASM 596 : Missing operator
Error[113]   C:\USERS\IAN\DOCUMENTS\ASM\SCOPE\EPESCOPE\GSCOPE.ASM 600 : Symbol not previously defined (AWROFF)
Error[113]   C:\USERS\IAN\DOCUMENTS\ASM\SCOPE\EPESCOPE\GSCOPE.ASM 603 : Symbol not previously defined (FRQCNT1)
Error[112]   C:\USERS\IAN\DOCUMENTS\ASM\SCOPE\EPESCOPE\GSCOPE.ASM 604 : Missing operator
Error[113]   C:\USERS\IAN\DOCUMENTS\ASM\SCOPE\EPESCOPE\GSCOPE.ASM 606 : Symbol not previously defined (COUNT0)
Error[112]   C:\USERS\IAN\DOCUMENTS\ASM\SCOPE\EPESCOPE\GSCOPE.ASM 608 : Missing operator
Error[113]   C:\USERS\IAN\DOCUMENTS\ASM\SCOPE\EPESCOPE\GSCOPE.ASM 610 : Symbol not previously defined (FRQCNT2)
Error[112]   C:\USERS\IAN\DOCUMENTS\ASM\SCOPE\EPESCOPE\GSCOPE.ASM 611 : Missing operator
Error[113]   C:\USERS\IAN\DOCUMENTS\ASM\SCOPE\EPESCOPE\GSCOPE.ASM 613 : Symbol not previously defined (COUNT1)
Error[113]   C:\USERS\IAN\DOCUMENTS\ASM\SCOPE\EPESCOPE\GSCOPE.ASM 614 : Symbol not previously defined (COUNT2)
Error[112]   C:\USERS\IAN\DOCUMENTS\ASM\SCOPE\EPESCOPE\GSCOPE.ASM 618 : Missing operator
Error[113]   C:\USERS\IAN\DOCUMENTS\ASM\SCOPE\EPESCOPE\GSCOPE.ASM 620 : Symbol not previously defined (ADRMSB)
Error[113]   C:\USERS\IAN\DOCUMENTS\ASM\SCOPE\EPESCOPE\GSCOPE.ASM 624 : Symbol not previously defined (AWRON)
Error[113]   C:\USERS\IAN\DOCUMENTS\ASM\SCOPE\EPESCOPE\GSCOPE.ASM 627 : Symbol not previously defined (DIGIT5)
Error[108]   C:\USERS\IAN\DOCUMENTS\ASM\SCOPE\EPESCOPE\GSCOPE.ASM 627 : Illegal character (,)
Error[128]   C:\USERS\IAN\DOCUMENTS\ASM\SCOPE\EPESCOPE\GSCOPE.ASM 628 : Missing argument(s)
Error[113]   C:\USERS\IAN\DOCUMENTS\ASM\SCOPE\EPESCOPE\GSCOPE.ASM 631 : Symbol not previously defined (LOOPE)
Error[112]   C:\USERS\IAN\DOCUMENTS\ASM\SCOPE\EPESCOPE\GSCOPE.ASM 632 : Missing operator
Error[112]   C:\USERS\IAN\DOCUMENTS\ASM\SCOPE\EPESCOPE\GSCOPE.ASM 634 : Missing operator
Error[113]   C:\USERS\IAN\DOCUMENTS\ASM\SCOPE\EPESCOPE\GSCOPE.ASM 637 : Symbol not previously defined (LOOPE)
Error[113]   C:\USERS\IAN\DOCUMENTS\ASM\SCOPE\EPESCOPE\GSCOPE.ASM 639 : Symbol not previously defined (AWROFF)
Error[112]   C:\USERS\IAN\DOCUMENTS\ASM\SCOPE\EPESCOPE\GSCOPE.ASM 650 : Missing operator
Error[112]   C:\USERS\IAN\DOCUMENTS\ASM\SCOPE\EPESCOPE\GSCOPE.ASM 653 : Missing operator
Error[113]   C:\USERS\IAN\DOCUMENTS\ASM\SCOPE\EPESCOPE\GSCOPE.ASM 658 : Symbol not previously defined (COUNTER1)
Error[113]   C:\USERS\IAN\DOCUMENTS\ASM\SCOPE\EPESCOPE\GSCOPE.ASM 661 : Symbol not previously defined (DIGIT1)
Error[128]   C:\USERS\IAN\DOCUMENTS\ASM\SCOPE\EPESCOPE\GSCOPE.ASM 662 : Missing argument(s)
Error[113]   C:\USERS\IAN\DOCUMENTS\ASM\SCOPE\EPESCOPE\GSCOPE.ASM 665 : Symbol not previously defined (COUNTER2)
Error[113]   C:\USERS\IAN\DOCUMENTS\ASM\SCOPE\EPESCOPE\GSCOPE.ASM 671 : Symbol not previously defined (COUNTER2)
Error[113]   C:\USERS\IAN\DOCUMENTS\ASM\SCOPE\EPESCOPE\GSCOPE.ASM 676 : Symbol not previously defined (DIGIT1)
Error[128]   C:\USERS\IAN\DOCUMENTS\ASM\SCOPE\EPESCOPE\GSCOPE.ASM 677 : Missing argument(s)
Error[113]   C:\USERS\IAN\DOCUMENTS\ASM\SCOPE\EPESCOPE\GSCOPE.ASM 680 : Symbol not previously defined (COUNTER2)
Error[113]   C:\USERS\IAN\DOCUMENTS\ASM\SCOPE\EPESCOPE\GSCOPE.ASM 688 : Symbol not previously defined (COUNTER2)
Error[113]   C:\USERS\IAN\DOCUMENTS\ASM\SCOPE\EPESCOPE\GSCOPE.ASM 691 : Symbol not previously defined (COUNTER1)
Error[113]   C:\USERS\IAN\DOCUMENTS\ASM\SCOPE\EPESCOPE\GSCOPE.ASM 695 : Symbol not previously defined (COUNT0)
Error[113]   C:\USERS\IAN\DOCUMENTS\ASM\SCOPE\EPESCOPE\GSCOPE.ASM 696 : Symbol not previously defined (COUNT1)
Error[113]   C:\USERS\IAN\DOCUMENTS\ASM\SCOPE\EPESCOPE\GSCOPE.ASM 697 : Symbol not previously defined (COUNT2)
Error[113]   C:\USERS\IAN\DOCUMENTS\ASM\SCOPE\EPESCOPE\GSCOPE.ASM 700 : Symbol not previously defined (DIGIT1)
Error[113]   C:\USERS\IAN\DOCUMENTS\ASM\SCOPE\EPESCOPE\GSCOPE.ASM 701 : Symbol not previously defined (DIGIT2)
Error[113]   C:\USERS\IAN\DOCUMENTS\ASM\SCOPE\EPESCOPE\GSCOPE.ASM 702 : Symbol not previously defined (DIGIT3)
Error[113]   C:\USERS\IAN\DOCUMENTS\ASM\SCOPE\EPESCOPE\GSCOPE.ASM 703 : Symbol not previously defined (DIGIT4)
Error[113]   C:\USERS\IAN\DOCUMENTS\ASM\SCOPE\EPESCOPE\GSCOPE.ASM 704 : Symbol not previously defined (DIGIT5)
Error[113]   C:\USERS\IAN\DOCUMENTS\ASM\SCOPE\EPESCOPE\GSCOPE.ASM 705 : Symbol not previously defined (DIGIT6)
Error[113]   C:\USERS\IAN\DOCUMENTS\ASM\SCOPE\EPESCOPE\GSCOPE.ASM 706 : Symbol not previously defined (DIGIT7)
Error[113]   C:\USERS\IAN\DOCUMENTS\ASM\SCOPE\EPESCOPE\GSCOPE.ASM 707 : Symbol not previously defined (DIGIT8)
Error[113]   C:\USERS\IAN\DOCUMENTS\ASM\SCOPE\EPESCOPE\GSCOPE.ASM 711 : Symbol not previously defined (LOOPA)
Error[113]   C:\USERS\IAN\DOCUMENTS\ASM\SCOPE\EPESCOPE\GSCOPE.ASM 712 : Symbol not previously defined (DIGIT8)
Error[128]   C:\USERS\IAN\DOCUMENTS\ASM\SCOPE\EPESCOPE\GSCOPE.ASM 713 : Missing argument(s)
Warning[202] C:\USERS\IAN\DOCUMENTS\ASM\SCOPE\EPESCOPE\GSCOPE.ASM 719 : Argument out of range.  Least significant bits used.
Error[113]   C:\USERS\IAN\DOCUMENTS\ASM\SCOPE\EPESCOPE\GSCOPE.ASM 722 : Symbol not previously defined (LOOPA)
Error[113]   C:\USERS\IAN\DOCUMENTS\ASM\SCOPE\EPESCOPE\GSCOPE.ASM 725 : Symbol not previously defined (DIGIT1)
Error[113]   C:\USERS\IAN\DOCUMENTS\ASM\SCOPE\EPESCOPE\GSCOPE.ASM 731 : Symbol not previously defined (LOOPA)
Error[113]   C:\USERS\IAN\DOCUMENTS\ASM\SCOPE\EPESCOPE\GSCOPE.ASM 739 : Symbol not previously defined (SWITCH)
Error[113]   C:\USERS\IAN\DOCUMENTS\ASM\SCOPE\EPESCOPE\GSCOPE.ASM 742 : Symbol not previously defined (SWITCH)
Error[113]   C:\USERS\IAN\DOCUMENTS\ASM\SCOPE\EPESCOPE\GSCOPE.ASM 744 : Symbol not previously defined (SWITCH)
Error[128]   C:\USERS\IAN\DOCUMENTS\ASM\SCOPE\EPESCOPE\GSCOPE.ASM 746 : Missing argument(s)
Error[128]   C:\USERS\IAN\DOCUMENTS\ASM\SCOPE\EPESCOPE\GSCOPE.ASM 749 : Missing argument(s)
Error[128]   C:\USERS\IAN\DOCUMENTS\ASM\SCOPE\EPESCOPE\GSCOPE.ASM 750 : Missing argument(s)
Error[113]   C:\USERS\IAN\DOCUMENTS\ASM\SCOPE\EPESCOPE\GSCOPE.ASM 756 : Symbol not previously defined (SWITCH)
Error[128]   C:\USERS\IAN\DOCUMENTS\ASM\SCOPE\EPESCOPE\GSCOPE.ASM 759 : Missing argument(s)
Error[113]   C:\USERS\IAN\DOCUMENTS\ASM\SCOPE\EPESCOPE\GSCOPE.ASM 760 : Symbol not previously defined (FOSC)
Error[113]   C:\USERS\IAN\DOCUMENTS\ASM\SCOPE\EPESCOPE\GSCOPE.ASM 762 : Symbol not previously defined (FOSC)
Error[113]   C:\USERS\IAN\DOCUMENTS\ASM\SCOPE\EPESCOPE\GSCOPE.ASM 763 : Symbol not previously defined (FOSC)
Error[113]   C:\USERS\IAN\DOCUMENTS\ASM\SCOPE\EPESCOPE\GSCOPE.ASM 765 : Symbol not previously defined (ADRMSB)
Error[113]   C:\USERS\IAN\DOCUMENTS\ASM\SCOPE\EPESCOPE\GSCOPE.ASM 768 : Symbol not previously defined (FOSC)
Error[113]   C:\USERS\IAN\DOCUMENTS\ASM\SCOPE\EPESCOPE\GSCOPE.ASM 773 : Symbol not previously defined (SWITCH)
Warning[202] C:\USERS\IAN\DOCUMENTS\ASM\SCOPE\EPESCOPE\GSCOPE.ASM 775 : Argument out of range.  Least significant bits used.
Error[113]   C:\USERS\IAN\DOCUMENTS\ASM\SCOPE\EPESCOPE\GSCOPE.ASM 776 : Symbol not previously defined (SWITCH)
Error[128]   C:\USERS\IAN\DOCUMENTS\ASM\SCOPE\EPESCOPE\GSCOPE.ASM 778 : Missing argument(s)
Error[113]   C:\USERS\IAN\DOCUMENTS\ASM\SCOPE\EPESCOPE\GSCOPE.ASM 779 : Symbol not previously defined (SWITCH)
Error[128]   C:\USERS\IAN\DOCUMENTS\ASM\SCOPE\EPESCOPE\GSCOPE.ASM 780 : Missing argument(s)
Error[113]   C:\USERS\IAN\DOCUMENTS\ASM\SCOPE\EPESCOPE\GSCOPE.ASM 782 : Symbol not previously defined (SWITCH)
Error[113]   C:\USERS\IAN\DOCUMENTS\ASM\SCOPE\EPESCOPE\GSCOPE.ASM 788 : Symbol not previously defined (ATTRIB)
Error[113]   C:\USERS\IAN\DOCUMENTS\ASM\SCOPE\EPESCOPE\GSCOPE.ASM 790 : Symbol not previously defined (AWRON)
Error[113]   C:\USERS\IAN\DOCUMENTS\ASM\SCOPE\EPESCOPE\GSCOPE.ASM 793 : Symbol not previously defined (ATTRIB)
Error[113]   C:\USERS\IAN\DOCUMENTS\ASM\SCOPE\EPESCOPE\GSCOPE.ASM 795 : Symbol not previously defined (AWROFF)
Error[113]   C:\USERS\IAN\DOCUMENTS\ASM\SCOPE\EPESCOPE\GSCOPE.ASM 801 : Symbol not previously defined (TEMPA)
Error[113]   C:\USERS\IAN\DOCUMENTS\ASM\SCOPE\EPESCOPE\GSCOPE.ASM 803 : Symbol not previously defined (TEMPA)
Error[113]   C:\USERS\IAN\DOCUMENTS\ASM\SCOPE\EPESCOPE\GSCOPE.ASM 811 : Symbol not previously defined (ADRLSB)
Error[113]   C:\USERS\IAN\DOCUMENTS\ASM\SCOPE\EPESCOPE\GSCOPE.ASM 814 : Symbol not previously defined (ADRMSB)
Error[113]   C:\USERS\IAN\DOCUMENTS\ASM\SCOPE\EPESCOPE\GSCOPE.ASM 822 : Symbol not previously defined (ADRLSB)
Error[113]   C:\USERS\IAN\DOCUMENTS\ASM\SCOPE\EPESCOPE\GSCOPE.ASM 825 : Symbol not previously defined (ADRMSB)
Error[113]   C:\USERS\IAN\DOCUMENTS\ASM\SCOPE\EPESCOPE\GSCOPE.ASM 827 : Symbol not previously defined (ADPSET)
Error[113]   C:\USERS\IAN\DOCUMENTS\ASM\SCOPE\EPESCOPE\GSCOPE.ASM 834 : Symbol not previously defined (ADRMSB)
Error[113]   C:\USERS\IAN\DOCUMENTS\ASM\SCOPE\EPESCOPE\GSCOPE.ASM 835 : Symbol not previously defined (ADRLSB)
Error[113]   C:\USERS\IAN\DOCUMENTS\ASM\SCOPE\EPESCOPE\GSCOPE.ASM 837 : Symbol not previously defined (TXHOME)
Error[112]   C:\USERS\IAN\DOCUMENTS\ASM\SCOPE\EPESCOPE\GSCOPE.ASM 844 : Missing operator
Error[113]   C:\USERS\IAN\DOCUMENTS\ASM\SCOPE\EPESCOPE\GSCOPE.ASM 845 : Symbol not previously defined (ADRMSB)
Error[113]   C:\USERS\IAN\DOCUMENTS\ASM\SCOPE\EPESCOPE\GSCOPE.ASM 846 : Symbol not previously defined (ADRLSB)
Error[113]   C:\USERS\IAN\DOCUMENTS\ASM\SCOPE\EPESCOPE\GSCOPE.ASM 848 : Symbol not previously defined (GRHOME)
Error[113]   C:\USERS\IAN\DOCUMENTS\ASM\SCOPE\EPESCOPE\GSCOPE.ASM 855 : Symbol not previously defined (ADRMSB)
Error[113]   C:\USERS\IAN\DOCUMENTS\ASM\SCOPE\EPESCOPE\GSCOPE.ASM 856 : Symbol not previously defined (COLUMN)
Error[113]   C:\USERS\IAN\DOCUMENTS\ASM\SCOPE\EPESCOPE\GSCOPE.ASM 857 : Symbol not previously defined (ADRLSB)
Error[113]   C:\USERS\IAN\DOCUMENTS\ASM\SCOPE\EPESCOPE\GSCOPE.ASM 859 : Symbol not previously defined (TXAREA)
Error[113]   C:\USERS\IAN\DOCUMENTS\ASM\SCOPE\EPESCOPE\GSCOPE.ASM 866 : Symbol not previously defined (ADRMSB)
Error[113]   C:\USERS\IAN\DOCUMENTS\ASM\SCOPE\EPESCOPE\GSCOPE.ASM 867 : Symbol not previously defined (COLUMN)
Error[113]   C:\USERS\IAN\DOCUMENTS\ASM\SCOPE\EPESCOPE\GSCOPE.ASM 868 : Symbol not previously defined (ADRLSB)
Error[113]   C:\USERS\IAN\DOCUMENTS\ASM\SCOPE\EPESCOPE\GSCOPE.ASM 870 : Symbol not previously defined (GRAREA)
Error[128]   C:\USERS\IAN\DOCUMENTS\ASM\SCOPE\EPESCOPE\GSCOPE.ASM 877 : Missing argument(s)
Error[128]   C:\USERS\IAN\DOCUMENTS\ASM\SCOPE\EPESCOPE\GSCOPE.ASM 884 : Missing argument(s)
Error[113]   C:\USERS\IAN\DOCUMENTS\ASM\SCOPE\EPESCOPE\GSCOPE.ASM 891 : Symbol not previously defined (ADRMSB)
Error[113]   C:\USERS\IAN\DOCUMENTS\ASM\SCOPE\EPESCOPE\GSCOPE.ASM 892 : Symbol not previously defined (ADRLSB)
Error[113]   C:\USERS\IAN\DOCUMENTS\ASM\SCOPE\EPESCOPE\GSCOPE.ASM 894 : Symbol not previously defined (AWRON)
Error[113]   C:\USERS\IAN\DOCUMENTS\ASM\SCOPE\EPESCOPE\GSCOPE.ASM 897 : Symbol not previously defined (LOOPC)
Error[113]   C:\USERS\IAN\DOCUMENTS\ASM\SCOPE\EPESCOPE\GSCOPE.ASM 898 : Symbol not previously defined (COLUMN)
Error[113]   C:\USERS\IAN\DOCUMENTS\ASM\SCOPE\EPESCOPE\GSCOPE.ASM 899 : Symbol not previously defined (LOOPB)
Error[113]   C:\USERS\IAN\DOCUMENTS\ASM\SCOPE\EPESCOPE\GSCOPE.ASM 902 : Symbol not previously defined (LOOPB)
Error[113]   C:\USERS\IAN\DOCUMENTS\ASM\SCOPE\EPESCOPE\GSCOPE.ASM 904 : Symbol not previously defined (LOOPC)
Error[113]   C:\USERS\IAN\DOCUMENTS\ASM\SCOPE\EPESCOPE\GSCOPE.ASM 906 : Symbol not previously defined (AWROFF)
Error[112]   C:\USERS\IAN\DOCUMENTS\ASM\SCOPE\EPESCOPE\GSCOPE.ASM 913 : Missing operator
Error[113]   C:\USERS\IAN\DOCUMENTS\ASM\SCOPE\EPESCOPE\GSCOPE.ASM 914 : Symbol not previously defined (ADRMSB)
Error[113]   C:\USERS\IAN\DOCUMENTS\ASM\SCOPE\EPESCOPE\GSCOPE.ASM 915 : Symbol not previously defined (ADRLSB)
Error[113]   C:\USERS\IAN\DOCUMENTS\ASM\SCOPE\EPESCOPE\GSCOPE.ASM 917 : Symbol not previously defined (AWRON)
Error[113]   C:\USERS\IAN\DOCUMENTS\ASM\SCOPE\EPESCOPE\GSCOPE.ASM 920 : Symbol not previously defined (LOOPC)
Error[113]   C:\USERS\IAN\DOCUMENTS\ASM\SCOPE\EPESCOPE\GSCOPE.ASM 921 : Symbol not previously defined (COLUMN)
Error[113]   C:\USERS\IAN\DOCUMENTS\ASM\SCOPE\EPESCOPE\GSCOPE.ASM 922 : Symbol not previously defined (LOOPB)
Error[113]   C:\USERS\IAN\DOCUMENTS\ASM\SCOPE\EPESCOPE\GSCOPE.ASM 925 : Symbol not previously defined (LOOPB)
Error[113]   C:\USERS\IAN\DOCUMENTS\ASM\SCOPE\EPESCOPE\GSCOPE.ASM 927 : Symbol not previously defined (LOOPC)
Error[113]   C:\USERS\IAN\DOCUMENTS\ASM\SCOPE\EPESCOPE\GSCOPE.ASM 929 : Symbol not previously defined (AWROFF)
Error[112]   C:\USERS\IAN\DOCUMENTS\ASM\SCOPE\EPESCOPE\GSCOPE.ASM 934 : Missing operator
Warning[202] C:\USERS\IAN\DOCUMENTS\ASM\SCOPE\EPESCOPE\GSCOPE.ASM 935 : Argument out of range.  Least significant bits used.
Message[302] C:\USERS\IAN\DOCUMENTS\ASM\SCOPE\EPESCOPE\GSCOPE.ASM 936 : Register in operand not in bank 0.  Ensure that bank bits are correct.
Error[112]   C:\USERS\IAN\DOCUMENTS\ASM\SCOPE\EPESCOPE\GSCOPE.ASM 937 : Missing operator
Error[128]   C:\USERS\IAN\DOCUMENTS\ASM\SCOPE\EPESCOPE\GSCOPE.ASM 938 : Missing argument(s)
Error[128]   C:\USERS\IAN\DOCUMENTS\ASM\SCOPE\EPESCOPE\GSCOPE.ASM 945 : Missing argument(s)
Error[112]   C:\USERS\IAN\DOCUMENTS\ASM\SCOPE\EPESCOPE\GSCOPE.ASM 948 : Missing operator
Message[302] C:\USERS\IAN\DOCUMENTS\ASM\SCOPE\EPESCOPE\GSCOPE.ASM 949 : Register in operand not in bank 0.  Ensure that bank bits are correct.
Error[112]   C:\USERS\IAN\DOCUMENTS\ASM\SCOPE\EPESCOPE\GSCOPE.ASM 950 : Missing operator
Error[112]   C:\USERS\IAN\DOCUMENTS\ASM\SCOPE\EPESCOPE\GSCOPE.ASM 955 : Missing operator
Error[112]   C:\USERS\IAN\DOCUMENTS\ASM\SCOPE\EPESCOPE\GSCOPE.ASM 957 : Missing operator
Error[128]   C:\USERS\IAN\DOCUMENTS\ASM\SCOPE\EPESCOPE\GSCOPE.ASM 958 : Missing argument(s)
Error[128]   C:\USERS\IAN\DOCUMENTS\ASM\SCOPE\EPESCOPE\GSCOPE.ASM 963 : Missing argument(s)
Error[112]   C:\USERS\IAN\DOCUMENTS\ASM\SCOPE\EPESCOPE\GSCOPE.ASM 966 : Missing operator
Message[302] C:\USERS\IAN\DOCUMENTS\ASM\SCOPE\EPESCOPE\GSCOPE.ASM 967 : Register in operand not in bank 0.  Ensure that bank bits are correct.
Error[112]   C:\USERS\IAN\DOCUMENTS\ASM\SCOPE\EPESCOPE\GSCOPE.ASM 968 : Missing operator
Error[113]   C:\USERS\IAN\DOCUMENTS\ASM\SCOPE\EPESCOPE\GSCOPE.ASM 974 : Symbol not previously defined (TEMPA)
Error[128]   C:\USERS\IAN\DOCUMENTS\ASM\SCOPE\EPESCOPE\GSCOPE.ASM 976 : Missing argument(s)
Error[113]   C:\USERS\IAN\DOCUMENTS\ASM\SCOPE\EPESCOPE\GSCOPE.ASM 978 : Symbol not previously defined (TEMPA)
Error[128]   C:\USERS\IAN\DOCUMENTS\ASM\SCOPE\EPESCOPE\GSCOPE.ASM 981 : Missing argument(s)
Error[128]   C:\USERS\IAN\DOCUMENTS\ASM\SCOPE\EPESCOPE\GSCOPE.ASM 984 : Missing argument(s)
Error[128]   C:\USERS\IAN\DOCUMENTS\ASM\SCOPE\EPESCOPE\GSCOPE.ASM 987 : Missing argument(s)
Error[113]   C:\USERS\IAN\DOCUMENTS\ASM\SCOPE\EPESCOPE\GSCOPE.ASM 994 : Symbol not previously defined (TEMPA)
Error[113]   C:\USERS\IAN\DOCUMENTS\ASM\SCOPE\EPESCOPE\GSCOPE.ASM 996 : Symbol not previously defined (TEMPA)
Error[128]   C:\USERS\IAN\DOCUMENTS\ASM\SCOPE\EPESCOPE\GSCOPE.ASM 999 : Missing argument(s)
Error[128]   C:\USERS\IAN\DOCUMENTS\ASM\SCOPE\EPESCOPE\GSCOPE.ASM 1002 : Missing argument(s)
Error[113]   C:\USERS\IAN\DOCUMENTS\ASM\SCOPE\EPESCOPE\GSCOPE.ASM 1010 : Symbol not previously defined (AWRON)
Error[113]   C:\USERS\IAN\DOCUMENTS\ASM\SCOPE\EPESCOPE\GSCOPE.ASM 1012 : Symbol not previously defined (LOOPB)
Warning[202] C:\USERS\IAN\DOCUMENTS\ASM\SCOPE\EPESCOPE\GSCOPE.ASM 1014 : Argument out of range.  Least significant bits used.
Error[113]   C:\USERS\IAN\DOCUMENTS\ASM\SCOPE\EPESCOPE\GSCOPE.ASM 1016 : Symbol not previously defined (LOOPB)
Error[113]   C:\USERS\IAN\DOCUMENTS\ASM\SCOPE\EPESCOPE\GSCOPE.ASM 1017 : Symbol not previously defined (LOOPC)
Error[113]   C:\USERS\IAN\DOCUMENTS\ASM\SCOPE\EPESCOPE\GSCOPE.ASM 1019 : Symbol not previously defined (AWROFF)
Warning[202] C:\USERS\IAN\DOCUMENTS\ASM\SCOPE\EPESCOPE\GSCOPE.ASM 1025 : Argument out of range.  Least significant bits used.
Error[113]   C:\USERS\IAN\DOCUMENTS\ASM\SCOPE\EPESCOPE\GSCOPE.ASM 1026 : Symbol not previously defined (ADRLSB)
Error[113]   C:\USERS\IAN\DOCUMENTS\ASM\SCOPE\EPESCOPE\GSCOPE.ASM 1032 : Symbol not previously defined (CLKCNT)
Error[113]   C:\USERS\IAN\DOCUMENTS\ASM\SCOPE\EPESCOPE\GSCOPE.ASM 1037 : Symbol not previously defined (CLKCNT)
Error[128]   C:\USERS\IAN\DOCUMENTS\ASM\SCOPE\EPESCOPE\GSCOPE.ASM 1044 : Missing argument(s)
Warning[207] C:\USERS\IAN\DOCUMENTS\ASM\SCOPE\EPESCOPE\GSCOPE.ASM 1056 : Found label after column 1. (.END)
Error[129]   C:\USERS\IAN\DOCUMENTS\ASM\SCOPE\EPESCOPE\GSCOPE.ASM 1058 : Expected (END)
