

Microchip Technology PIC LITE Macro Assembler V1.32 build 58300 
                                                                                               Wed Jan 17 09:28:22 2018

Microchip Technology Omniscient Code Generator (Lite mode) build 58300
     1                           	processor	16F720
     2                           	opt	pw 120
     3                           	opt	lm
     4                           	psect	text0,local,class=CODE,merge=1,delta=2
     5                           	psect	cinit,global,class=CODE,merge=1,delta=2
     6                           	psect	bssCOMMON,global,class=COMMON,space=1,delta=1
     7                           	psect	cstackCOMMON,global,class=COMMON,space=1,delta=1
     8                           	psect	maintext,global,class=CODE,split=1,delta=2
     9                           	psect	text1,local,class=CODE,merge=1,delta=2
    10                           	psect	text2,local,class=CODE,merge=1,delta=2
    11                           	psect	text3,local,class=CODE,merge=1,delta=2
    12                           	dabs	1,0x7E,2
    13  0000                     	;# 
    14  0001                     	;# 
    15  0002                     	;# 
    16  0003                     	;# 
    17  0004                     	;# 
    18  0005                     	;# 
    19  0006                     	;# 
    20  0007                     	;# 
    21  000A                     	;# 
    22  000B                     	;# 
    23  000C                     	;# 
    24  000E                     	;# 
    25  000E                     	;# 
    26  000F                     	;# 
    27  0010                     	;# 
    28  0011                     	;# 
    29  0012                     	;# 
    30  0013                     	;# 
    31  0014                     	;# 
    32  0015                     	;# 
    33  0015                     	;# 
    34  0016                     	;# 
    35  0017                     	;# 
    36  0018                     	;# 
    37  0019                     	;# 
    38  001A                     	;# 
    39  001E                     	;# 
    40  001F                     	;# 
    41  0081                     	;# 
    42  0085                     	;# 
    43  0086                     	;# 
    44  0087                     	;# 
    45  008C                     	;# 
    46  008E                     	;# 
    47  008F                     	;# 
    48  0090                     	;# 
    49  0091                     	;# 
    50  0092                     	;# 
    51  0093                     	;# 
    52  0093                     	;# 
    53  0094                     	;# 
    54  0095                     	;# 
    55  0096                     	;# 
    56  0098                     	;# 
    57  0099                     	;# 
    58  009D                     	;# 
    59  009F                     	;# 
    60  010C                     	;# 
    61  010D                     	;# 
    62  010E                     	;# 
    63  010F                     	;# 
    64  0115                     	;# 
    65  0116                     	;# 
    66  0185                     	;# 
    67  0186                     	;# 
    68  0187                     	;# 
    69  018C                     	;# 
    70  018D                     	;# 
    71  0005                     _PORTA	set	5
    72  0006                     _PORTB	set	6
    73  0007                     _PORTC	set	7
    74  002A                     _RA2	set	42
    75  002C                     _RA4	set	44
    76  002D                     _RA5	set	45
    77  0037                     _RB7	set	55
    78  0038                     _RC0	set	56
    79  0039                     _RC1	set	57
    80  0085                     _TRISA	set	133
    81  0086                     _TRISB	set	134
    82  0087                     _TRISC	set	135
    83  0185                     _ANSELA	set	389
    84  0186                     _ANSELB	set	390
    85  0187                     _ANSELC	set	391
    86                           
    87                           	psect	text0
    88  0000                     __ptext0:	
    89                           ; #config settings
    90                           
    91                           
    92                           ;psect for function _Init
    93  0000                     
    94                           	psect	cinit
    95  07FC                     start_initialization:	
    96  07FC                     __initialization:	
    97                           
    98                           ; Clear objects allocated to COMMON
    99  07FC  01F4               	clrf	__pbssCOMMON& (0+127)
   100  07FD  01F5               	clrf	(__pbssCOMMON+1)& (0+127)
   101  07FE                     end_of_initialization:	
   102                           ;End of C runtime variable initialization code
   103                           
   104  07FE                     __end_of__initialization:	
   105  07FE  0183               	clrf	3
   106  07FF  2FC4               	ljmp	_main	;jump to C main() function
   107                           
   108                           	psect	bssCOMMON
   109  0074                     __pbssCOMMON:	
   110  0074                     _no_slave_selected:	
   111  0074                     	ds	2
   112                           
   113                           	psect	cstackCOMMON
   114  0070                     __pcstackCOMMON:	
   115  0070                     ?_Init:	
   116  0070                     ??_Init:	
   117                           ; 0 bytes @ 0x0
   118                           
   119  0070                     ?_increment_slave_select:	
   120                           ; 0 bytes @ 0x0
   121                           
   122  0070                     ??_increment_slave_select:	
   123                           ; 0 bytes @ 0x0
   124                           
   125  0070                     ?_clear_slave_select:	
   126                           ; 0 bytes @ 0x0
   127                           
   128  0070                     ??_clear_slave_select:	
   129                           ; 0 bytes @ 0x0
   130                           
   131  0070                     ?_main:	
   132                           ; 0 bytes @ 0x0
   133                           
   134  0070                     ??_main:	
   135                           ; 0 bytes @ 0x0
   136                           
   137  0070                     main@RA4_one_shot:	
   138                           ; 0 bytes @ 0x0
   139                           
   140                           
   141                           ; 2 bytes @ 0x0
   142  0070                     	ds	2
   143  0072                     main@RA2_one_shot:	
   144                           
   145                           ; 2 bytes @ 0x2
   146  0072                     	ds	2
   147                           
   148                           	psect	maintext
   149  07C4                     __pmaintext:	
   150 ;;
   151 ;;Main: autosize = 0, tempsize = 0, incstack = 0, save=0
   152 ;;
   153 ;; *************** function _main *****************
   154 ;; Defined at:
   155 ;;		line 77 in file "top_pic_mainv1.0.c"
   156 ;; Parameters:    Size  Location     Type
   157 ;;		None
   158 ;; Auto vars:     Size  Location     Type
   159 ;;  RA2_one_shot    2    2[COMMON] int 
   160 ;;  RA4_one_shot    2    0[COMMON] int 
   161 ;; Return value:  Size  Location     Type
   162 ;;		None               void
   163 ;; Registers used:
   164 ;;		wreg, status,2, status,0, pclath, cstack
   165 ;; Tracked objects:
   166 ;;		On entry : 17F/0
   167 ;;		On exit  : 0/0
   168 ;;		Unchanged: 0/0
   169 ;; Data sizes:     COMMON   BANK0   BANK1
   170 ;;      Params:         0       0       0
   171 ;;      Locals:         4       0       0
   172 ;;      Temps:          0       0       0
   173 ;;      Totals:         4       0       0
   174 ;;Total ram usage:        4 bytes
   175 ;; Hardware stack levels required when called:    1
   176 ;; This function calls:
   177 ;;		_Init
   178 ;;		_clear_slave_select
   179 ;;		_increment_slave_select
   180 ;; This function is called by:
   181 ;;		Startup code after reset
   182 ;; This function uses a non-reentrant model
   183 ;;
   184                           
   185                           
   186                           ;psect for function _main
   187  07C4                     _main:	
   188                           
   189                           ;top_pic_mainv1.0.c: 78: Init();
   190                           
   191                           ;incstack = 0
   192                           ; Regs used in _main: [wreg+status,2+status,0+pclath+cstack]
   193  07C4  27A4               	fcall	_Init
   194                           
   195                           ;top_pic_mainv1.0.c: 79: int RA4_one_shot = 0;
   196  07C5  01F0               	clrf	main@RA4_one_shot
   197  07C6  01F1               	clrf	main@RA4_one_shot+1
   198                           
   199                           ;top_pic_mainv1.0.c: 80: int RA2_one_shot = 0;
   200  07C7  01F2               	clrf	main@RA2_one_shot
   201  07C8  01F3               	clrf	main@RA2_one_shot+1
   202                           
   203                           ;top_pic_mainv1.0.c: 81: PORTC = 0xff;
   204  07C9  30FF               	movlw	255
   205  07CA  1283               	bcf	3,5	;RP0=0, select bank0
   206  07CB  1303               	bcf	3,6	;RP1=0, select bank0
   207  07CC  0087               	movwf	7	;volatile
   208  07CD                     l475:	
   209                           ;top_pic_mainv1.0.c: 88: while(1){
   210                           
   211                           
   212                           ;top_pic_mainv1.0.c: 89: if ((RA4 == 0)&& (RA4_one_shot != 1)){
   213  07CD  1A05               	btfsc	5,4	;volatile
   214  07CE  2FD9               	goto	l483
   215  07CF  3001               	movlw	1
   216  07D0  0670               	xorwf	main@RA4_one_shot,w
   217  07D1  0471               	iorwf	main@RA4_one_shot+1,w
   218  07D2  1903               	skipnz
   219  07D3  2FD9               	goto	l483
   220                           
   221                           ;top_pic_mainv1.0.c: 90: RA4_one_shot = 1;
   222  07D4  3001               	movlw	1
   223  07D5  00F0               	movwf	main@RA4_one_shot
   224  07D6  3000               	movlw	0
   225  07D7  00F1               	movwf	main@RA4_one_shot+1
   226                           
   227                           ;top_pic_mainv1.0.c: 91: increment_slave_select();
   228  07D8  2785               	fcall	_increment_slave_select
   229  07D9                     l483:	
   230                           
   231                           ;top_pic_mainv1.0.c: 92: }
   232                           ;top_pic_mainv1.0.c: 93: if (RA4 == 1){
   233  07D9  1283               	bcf	3,5	;RP0=0, select bank0
   234  07DA  1303               	bcf	3,6	;RP1=0, select bank0
   235  07DB  1E05               	btfss	5,4	;volatile
   236  07DC  2FDF               	goto	l487
   237                           
   238                           ;top_pic_mainv1.0.c: 94: RA4_one_shot = 0;
   239  07DD  01F0               	clrf	main@RA4_one_shot
   240  07DE  01F1               	clrf	main@RA4_one_shot+1
   241  07DF                     l487:	
   242                           
   243                           ;top_pic_mainv1.0.c: 95: }
   244                           ;top_pic_mainv1.0.c: 97: if ((RA2 == 0)&& (RA2_one_shot != 1)){
   245  07DF  1905               	btfsc	5,2	;volatile
   246  07E0  2FEB               	goto	l495
   247  07E1  3001               	movlw	1
   248  07E2  0672               	xorwf	main@RA2_one_shot,w
   249  07E3  0473               	iorwf	main@RA2_one_shot+1,w
   250  07E4  1903               	skipnz
   251  07E5  2FEB               	goto	l495
   252                           
   253                           ;top_pic_mainv1.0.c: 98: RA2_one_shot = 1;
   254  07E6  3001               	movlw	1
   255  07E7  00F2               	movwf	main@RA2_one_shot
   256  07E8  3000               	movlw	0
   257  07E9  00F3               	movwf	main@RA2_one_shot+1
   258                           
   259                           ;top_pic_mainv1.0.c: 99: clear_slave_select();
   260  07EA  277C               	fcall	_clear_slave_select
   261  07EB                     l495:	
   262                           
   263                           ;top_pic_mainv1.0.c: 101: }
   264                           ;top_pic_mainv1.0.c: 102: if (RA2 == 1){
   265  07EB  1283               	bcf	3,5	;RP0=0, select bank0
   266  07EC  1303               	bcf	3,6	;RP1=0, select bank0
   267  07ED  1D05               	btfss	5,2	;volatile
   268  07EE  2FF1               	goto	l499
   269                           
   270                           ;top_pic_mainv1.0.c: 103: RA2_one_shot = 0;
   271  07EF  01F2               	clrf	main@RA2_one_shot
   272  07F0  01F3               	clrf	main@RA2_one_shot+1
   273  07F1                     l499:	
   274                           
   275                           ;top_pic_mainv1.0.c: 105: }
   276                           ;top_pic_mainv1.0.c: 106: if (no_slave_selected == 1){
   277  07F1  3001               	movlw	1
   278  07F2  0674               	xorwf	_no_slave_selected,w
   279  07F3  0475               	iorwf	_no_slave_selected+1,w
   280  07F4  1903               	btfsc	3,2
   281                           
   282                           ;top_pic_mainv1.0.c: 107: RA5 = 1;
   283  07F5  1685               	bsf	5,5	;volatile
   284                           
   285                           ;top_pic_mainv1.0.c: 108: }
   286                           ;top_pic_mainv1.0.c: 109: if (no_slave_selected == 0){
   287  07F6  0875               	movf	_no_slave_selected+1,w
   288  07F7  0474               	iorwf	_no_slave_selected,w
   289  07F8  1D03               	skipz
   290  07F9  2FCD               	goto	l475
   291                           
   292                           ;top_pic_mainv1.0.c: 110: RA5 = 0;
   293  07FA  1285               	bcf	5,5	;volatile
   294  07FB  2FCD               	goto	l475
   295  07FC                     __end_of_main:	
   296                           
   297                           	psect	text1
   298  0785                     __ptext1:	
   299 ;; *************** function _increment_slave_select *****************
   300 ;; Defined at:
   301 ;;		line 42 in file "top_pic_mainv1.0.c"
   302 ;; Parameters:    Size  Location     Type
   303 ;;		None
   304 ;; Auto vars:     Size  Location     Type
   305 ;;		None
   306 ;; Return value:  Size  Location     Type
   307 ;;		None               void
   308 ;; Registers used:
   309 ;;		wreg, status,2
   310 ;; Tracked objects:
   311 ;;		On entry : 0/0
   312 ;;		On exit  : 0/0
   313 ;;		Unchanged: 0/0
   314 ;; Data sizes:     COMMON   BANK0   BANK1
   315 ;;      Params:         0       0       0
   316 ;;      Locals:         0       0       0
   317 ;;      Temps:          0       0       0
   318 ;;      Totals:         0       0       0
   319 ;;Total ram usage:        0 bytes
   320 ;; Hardware stack levels used:    1
   321 ;; This function calls:
   322 ;;		Nothing
   323 ;; This function is called by:
   324 ;;		_main
   325 ;; This function uses a non-reentrant model
   326 ;;
   327                           
   328                           
   329                           ;psect for function _increment_slave_select
   330  0785                     _increment_slave_select:	
   331                           
   332                           ;top_pic_mainv1.0.c: 43: if (no_slave_selected == 1){
   333                           
   334                           ;incstack = 0
   335                           ; Regs used in _increment_slave_select: [wreg+status,2]
   336  0785  3001               	movlw	1
   337  0786  0674               	xorwf	_no_slave_selected,w
   338  0787  0475               	iorwf	_no_slave_selected+1,w
   339  0788  1D03               	skipz
   340  0789  2F90               	goto	l38
   341                           
   342                           ;top_pic_mainv1.0.c: 44: RC1 = 0;
   343  078A  1283               	bcf	3,5	;RP0=0, select bank0
   344  078B  1303               	bcf	3,6	;RP1=0, select bank0
   345  078C  1087               	bcf	7,1	;volatile
   346                           
   347                           ;top_pic_mainv1.0.c: 45: no_slave_selected = 0;
   348  078D  01F4               	clrf	_no_slave_selected
   349  078E  01F5               	clrf	_no_slave_selected+1
   350                           
   351                           ;top_pic_mainv1.0.c: 47: }
   352  078F  0008               	return
   353  0790                     l38:	
   354                           
   355                           ;top_pic_mainv1.0.c: 48: else if (RC1 == 0){
   356  0790  1283               	bcf	3,5	;RP0=0, select bank0
   357  0791  1303               	bcf	3,6	;RP1=0, select bank0
   358  0792  1887               	btfsc	7,1	;volatile
   359  0793  2F97               	goto	l40
   360                           
   361                           ;top_pic_mainv1.0.c: 49: RC1 = 1;
   362  0794  1487               	bsf	7,1	;volatile
   363                           
   364                           ;top_pic_mainv1.0.c: 50: RC0 = 0;
   365  0795  1007               	bcf	7,0	;volatile
   366                           
   367                           ;top_pic_mainv1.0.c: 51: }
   368  0796  0008               	return
   369  0797                     l40:	
   370                           
   371                           ;top_pic_mainv1.0.c: 52: else if (RC0 == 0){
   372  0797  1807               	btfsc	7,0	;volatile
   373  0798  2F9C               	goto	l42
   374                           
   375                           ;top_pic_mainv1.0.c: 53: RC0 = 1;
   376  0799  1407               	bsf	7,0	;volatile
   377                           
   378                           ;top_pic_mainv1.0.c: 54: RB7 = 0;
   379  079A  1386               	bcf	6,7	;volatile
   380                           
   381                           ;top_pic_mainv1.0.c: 55: }
   382  079B  0008               	return
   383  079C                     l42:	
   384                           
   385                           ;top_pic_mainv1.0.c: 57: else if (RB7 == 0){
   386  079C  1B86               	btfsc	6,7	;volatile
   387  079D  0008               	return
   388                           
   389                           ;top_pic_mainv1.0.c: 58: RB7 = 1;
   390  079E  1786               	bsf	6,7	;volatile
   391                           
   392                           ;top_pic_mainv1.0.c: 59: no_slave_selected = 1;
   393  079F  3001               	movlw	1
   394  07A0  00F4               	movwf	_no_slave_selected
   395  07A1  3000               	movlw	0
   396  07A2  00F5               	movwf	_no_slave_selected+1
   397  07A3  0008               	return
   398  07A4                     __end_of_increment_slave_select:	
   399                           
   400                           	psect	text2
   401  077C                     __ptext2:	
   402 ;; *************** function _clear_slave_select *****************
   403 ;; Defined at:
   404 ;;		line 65 in file "top_pic_mainv1.0.c"
   405 ;; Parameters:    Size  Location     Type
   406 ;;		None
   407 ;; Auto vars:     Size  Location     Type
   408 ;;		None
   409 ;; Return value:  Size  Location     Type
   410 ;;		None               void
   411 ;; Registers used:
   412 ;;		wreg
   413 ;; Tracked objects:
   414 ;;		On entry : 0/0
   415 ;;		On exit  : 0/0
   416 ;;		Unchanged: 0/0
   417 ;; Data sizes:     COMMON   BANK0   BANK1
   418 ;;      Params:         0       0       0
   419 ;;      Locals:         0       0       0
   420 ;;      Temps:          0       0       0
   421 ;;      Totals:         0       0       0
   422 ;;Total ram usage:        0 bytes
   423 ;; Hardware stack levels used:    1
   424 ;; This function calls:
   425 ;;		Nothing
   426 ;; This function is called by:
   427 ;;		_main
   428 ;; This function uses a non-reentrant model
   429 ;;
   430                           
   431                           
   432                           ;psect for function _clear_slave_select
   433  077C                     _clear_slave_select:	
   434                           
   435                           ;top_pic_mainv1.0.c: 66: no_slave_selected = 1;
   436                           
   437                           ;incstack = 0
   438                           ; Regs used in _clear_slave_select: [wreg]
   439  077C  3001               	movlw	1
   440  077D  00F4               	movwf	_no_slave_selected
   441  077E  3000               	movlw	0
   442  077F  00F5               	movwf	_no_slave_selected+1
   443                           
   444                           ;top_pic_mainv1.0.c: 67: RC1 = 1;
   445  0780  1283               	bcf	3,5	;RP0=0, select bank0
   446  0781  1303               	bcf	3,6	;RP1=0, select bank0
   447  0782  1487               	bsf	7,1	;volatile
   448                           
   449                           ;top_pic_mainv1.0.c: 69: RB7 = 1;
   450  0783  1786               	bsf	6,7	;volatile
   451  0784  0008               	return
   452  0785                     __end_of_clear_slave_select:	
   453                           
   454                           	psect	text3
   455  07A4                     __ptext3:	
   456 ;; *************** function _Init *****************
   457 ;; Defined at:
   458 ;;		line 17 in file "top_pic_mainv1.0.c"
   459 ;; Parameters:    Size  Location     Type
   460 ;;		None
   461 ;; Auto vars:     Size  Location     Type
   462 ;;		None
   463 ;; Return value:  Size  Location     Type
   464 ;;		None               void
   465 ;; Registers used:
   466 ;;		wreg, status,2
   467 ;; Tracked objects:
   468 ;;		On entry : 0/0
   469 ;;		On exit  : 0/0
   470 ;;		Unchanged: 0/0
   471 ;; Data sizes:     COMMON   BANK0   BANK1
   472 ;;      Params:         0       0       0
   473 ;;      Locals:         0       0       0
   474 ;;      Temps:          0       0       0
   475 ;;      Totals:         0       0       0
   476 ;;Total ram usage:        0 bytes
   477 ;; Hardware stack levels used:    1
   478 ;; This function calls:
   479 ;;		Nothing
   480 ;; This function is called by:
   481 ;;		_main
   482 ;; This function uses a non-reentrant model
   483 ;;
   484                           
   485                           
   486                           ;psect for function _Init
   487  07A4                     _Init:	
   488                           
   489                           ;top_pic_mainv1.0.c: 22: TRISA = 0x14;
   490                           
   491                           ;incstack = 0
   492                           ; Regs used in _Init: [wreg+status,2]
   493  07A4  3014               	movlw	20
   494  07A5  1683               	bsf	3,5	;RP0=1, select bank1
   495  07A6  1303               	bcf	3,6	;RP1=0, select bank1
   496  07A7  0085               	movwf	5	;volatile
   497                           
   498                           ;top_pic_mainv1.0.c: 23: ANSELA = 0x00;
   499  07A8  1683               	bsf	3,5	;RP0=1, select bank3
   500  07A9  1703               	bsf	3,6	;RP1=1, select bank3
   501  07AA  0185               	clrf	5	;volatile
   502                           
   503                           ;top_pic_mainv1.0.c: 24: PORTA = 0xff;
   504  07AB  30FF               	movlw	255
   505  07AC  1283               	bcf	3,5	;RP0=0, select bank0
   506  07AD  1303               	bcf	3,6	;RP1=0, select bank0
   507  07AE  0085               	movwf	5	;volatile
   508                           
   509                           ;top_pic_mainv1.0.c: 26: TRISB = 0x00;
   510  07AF  1683               	bsf	3,5	;RP0=1, select bank1
   511  07B0  1303               	bcf	3,6	;RP1=0, select bank1
   512  07B1  0186               	clrf	6	;volatile
   513                           
   514                           ;top_pic_mainv1.0.c: 27: ANSELB = 0x00;
   515  07B2  1683               	bsf	3,5	;RP0=1, select bank3
   516  07B3  1703               	bsf	3,6	;RP1=1, select bank3
   517  07B4  0186               	clrf	6	;volatile
   518                           
   519                           ;top_pic_mainv1.0.c: 28: PORTB = 0xFF;
   520  07B5  30FF               	movlw	255
   521  07B6  1283               	bcf	3,5	;RP0=0, select bank0
   522  07B7  1303               	bcf	3,6	;RP1=0, select bank0
   523  07B8  0086               	movwf	6	;volatile
   524                           
   525                           ;top_pic_mainv1.0.c: 30: TRISC = 0x00;
   526  07B9  1683               	bsf	3,5	;RP0=1, select bank1
   527  07BA  1303               	bcf	3,6	;RP1=0, select bank1
   528  07BB  0187               	clrf	7	;volatile
   529                           
   530                           ;top_pic_mainv1.0.c: 31: ANSELC = 0x00;
   531  07BC  1683               	bsf	3,5	;RP0=1, select bank3
   532  07BD  1703               	bsf	3,6	;RP1=1, select bank3
   533  07BE  0187               	clrf	7	;volatile
   534                           
   535                           ;top_pic_mainv1.0.c: 32: PORTC = 0xff;
   536  07BF  30FF               	movlw	255
   537  07C0  1283               	bcf	3,5	;RP0=0, select bank0
   538  07C1  1303               	bcf	3,6	;RP1=0, select bank0
   539  07C2  0087               	movwf	7	;volatile
   540  07C3  0008               	return
   541  07C4                     __end_of_Init:	
   542  007E                     btemp	set	126	;btemp
   543  007E                     wtemp	set	126
   544  007E                     wtemp0	set	126
   545  0080                     wtemp1	set	128
   546  0082                     wtemp2	set	130
   547  0084                     wtemp3	set	132
   548  0086                     wtemp4	set	134
   549  0088                     wtemp5	set	136
   550  007F                     wtemp6	set	127
   551  007E                     ttemp	set	126
   552  007E                     ttemp0	set	126
   553  0081                     ttemp1	set	129
   554  0084                     ttemp2	set	132
   555  0087                     ttemp3	set	135
   556  007F                     ttemp4	set	127
   557  007E                     ltemp	set	126
   558  007E                     ltemp0	set	126
   559  0082                     ltemp1	set	130
   560  0086                     ltemp2	set	134
   561  0080                     ltemp3	set	128


Data Sizes:
    Strings     0
    Constant    0
    Data        0
    BSS         2
    Persistent  0
    Stack       0

Auto Spaces:
    Space          Size  Autos    Used
    COMMON           14      4       6
    BANK0            80      0       0
    BANK1            32      0       0

Pointer List with Targets:

    None.

Critical Paths under _main in COMMON

    None.

Critical Paths under _main in BANK0

    None.

Critical Paths under _main in BANK1

    None.

Call Graph Tables:

 ---------------------------------------------------------------------------------
 (Depth) Function   	        Calls       Base Space   Used Autos Params    Refs
 ---------------------------------------------------------------------------------
 (0) _main                                                 4     4      0      30
                                              0 COMMON     4     4      0
                               _Init
                 _clear_slave_select
             _increment_slave_select
 ---------------------------------------------------------------------------------
 (1) _increment_slave_select                               0     0      0       0
 ---------------------------------------------------------------------------------
 (1) _clear_slave_select                                   0     0      0       0
 ---------------------------------------------------------------------------------
 (1) _Init                                                 0     0      0       0
 ---------------------------------------------------------------------------------
 Estimated maximum stack depth 1
 ---------------------------------------------------------------------------------

 Call Graph Graphs:

 _main (ROOT)
   _Init
   _clear_slave_select
   _increment_slave_select

 Address spaces:
Name               Size   Autos  Total    Cost      Usage
BITCOMMON            E      0       0       0        0.0%
NULL                 0      0       0       0        0.0%
CODE                 0      0       0       0        0.0%
COMMON               E      4       6       1       42.9%
BITSFR0              0      0       0       1        0.0%
SFR0                 0      0       0       1        0.0%
BITSFR1              0      0       0       2        0.0%
SFR1                 0      0       0       2        0.0%
STACK                0      0       0       2        0.0%
ABS                  0      0       6       3        0.0%
BITBANK0            50      0       0       4        0.0%
BITSFR3              0      0       0       4        0.0%
SFR3                 0      0       0       4        0.0%
BANK0               50      0       0       5        0.0%
BITSFR2              0      0       0       5        0.0%
SFR2                 0      0       0       5        0.0%
BITBANK1            20      0       0       6        0.0%
BANK1               20      0       0       7        0.0%
DATA                 0      0       6       8        0.0%


Microchip Technology PIC Macro Assembler V1.32 build 58300 
Symbol Table                                                                                   Wed Jan 17 09:28:22 2018

                             l40 0797                               l42 079C                               l38 0790  
                            l483 07D9                              l475 07CD                              l495 07EB  
                            l487 07DF                              l499 07F1                              _RA2 002A  
                            _RC0 0038                              _RA4 002C                              _RC1 0039  
                            _RA5 002D                              _RB7 0037          ?_increment_slave_select 0070  
                           _Init 07A4                             _main 07C4                             btemp 007E  
                           ltemp 007E                             start 0000                             ttemp 007E  
                           wtemp 007E                            ?_Init 0070   __end_of_increment_slave_select 07A4  
                          ?_main 0070                    __CFG_WDTE$OFF 0000                            _PORTA 0005  
                          _PORTB 0006                            _PORTC 0007                            _TRISA 0085  
                          _TRISB 0086                            _TRISC 0087                            ltemp0 007E  
                          ltemp1 0082                            ltemp2 0086                            ltemp3 0080  
                          ttemp0 007E                            ttemp1 0081                            ttemp2 0084  
                          ttemp3 0087                            ttemp4 007F                            status 0003  
                          wtemp0 007E                            wtemp1 0080                            wtemp2 0082  
                          wtemp3 0084                            wtemp4 0086                            wtemp5 0088  
                          wtemp6 007F                  __initialization 07FC                     __end_of_Init 07C4  
                   __end_of_main 07FC                           ??_Init 0070                           ??_main 0070  
                 __CFG_PLLEN$OFF 0000                           _ANSELA 0185                           _ANSELB 0186  
                         _ANSELC 0187       __end_of_clear_slave_select 0785          __end_of__initialization 07FE  
                 __pcstackCOMMON 0070                       __pmaintext 07C4                          __ptext0 0000  
                        __ptext1 0785                          __ptext2 077C                          __ptext3 07A4  
           end_of_initialization 07FE                 main@RA2_one_shot 0072                 main@RA4_one_shot 0070  
             _clear_slave_select 077C              ?_clear_slave_select 0070         ??_increment_slave_select 0070  
           ??_clear_slave_select 0070              start_initialization 07FC                      __pbssCOMMON 0074  
                      ___latbits 0000  __size_of_increment_slave_select 001F                _no_slave_selected 0074  
         _increment_slave_select 0785                    __size_of_Init 0020                    __size_of_main 0038  
    __size_of_clear_slave_select 0009               __CFG_FOSC$INTOSCIO 0000  
